1719275647812	geckodriver	INFO	Listening on 127.0.0.1:54240
1719275650869	mozrunner::runner	INFO	Running command: "C:\\Program Files\\Mozilla Firefox\\firefox.exe" "--marionette" "-no-remote" "-profile" "C:\\Users\\Peter\\AppData\\Local\\Temp\\rust_mozprofileTSQYAG"
console.warn: services.settings: Ignoring preference override of remote settings server
console.warn: services.settings: Allow by setting MOZ_REMOTE_SETTINGS_DEVTOOLS=1 in the environment
1719275651222	Marionette	INFO	Marionette enabled
Dynamically enable window occlusion 0
1719275651465	Marionette	INFO	Listening on port 54251
Read port: 54251
1719275651557	RemoteAgent	WARN	TLS certificate errors will be ignored for this session
1719275682083	addons.xpi	ERROR	System addon update list error SyntaxError: XMLHttpRequest.open: 'http://%(server)s/dummy-system-addons.xml' is not a valid URL.
JavaScript error: https://inventwithpython.com/js/bootstrap.min.js, line 7: Error: Bootstrap tooltips require Tether (http://tether.io/)
1719276272642	Marionette	INFO	Stopped listening on port 54251
Dynamically enable window occlusion 1
JavaScript error: chrome://remote/content/marionette/cert.sys.mjs, line 47: NS_ERROR_NOT_AVAILABLE: Component returned failure code: 0x80040111 (NS_ERROR_NOT_AVAILABLE) [nsICertOverrideService.setDisableAllSecurityChecksAndLetAttackersInterceptMyData]

console.warn: services.settings: Allow by setting MOZ_REMOTE_SETTINGS_DEVTOOLS=1 in the environment
1719276265596	Marionette	INFO	Marionette enabled
Dynamically enable window occlusion 0
1719276265679	Marionette	INFO	Listening on port 54613
Read port: 54613
1719276265774	RemoteAgent	WARN	TLS certificate errors will be ignored for this session
JavaScript error: http://inventwithpython.com/js/bootstrap.min.js, line 7: Error: Bootstrap tooltips require Tether (http://tether.io/)
1719276267140	Marionette	WARN	Ignoring event 'DOMContentLoaded' because document has an invalid readyState of 'complete'.
JavaScript error: https://inventwithpython.com/js/bootstrap.min.js, line 7: Error: Bootstrap tooltips require Tether (http://tether.io/)
1719276274994	Marionette	INFO	Stopped listening on port 54613
Dynamically enable window occlusion 1
1719276317240	geckodriver	INFO	Listening on 127.0.0.1:54693
1719276320278	mozrunner::runner	INFO	Running command: "C:\\Program Files\\Mozilla Firefox\\firefox.exe" "--marionette" "-no-remote" "-profile" "C:\\Users\\Peter\\AppData\\Local\\Temp\\rust_mozprofile0FMUS6"
console.warn: services.settings: Ignoring preference override of remote settings server
console.warn: services.settings: Allow by setting MOZ_REMOTE_SETTINGS_DEVTOOLS=1 in the environment
1719276320594	Marionette	INFO	Marionette enabled
Dynamically enable window occlusion 0
1719276320811	Marionette	INFO	Listening on port 54704
Read port: 54704
1719276320913	RemoteAgent	WARN	TLS certificate errors will be ignored for this session
JavaScript error: http://inventwithpython.com/js/bootstrap.min.js, line 7: Error: Bootstrap tooltips require Tether (http://tether.io/)
1719276322051	Marionette	WARN	Ignoring event 'DOMContentLoaded' because document has an invalid readyState of 'complete'.
JavaScript error: https://inventwithpython.com/js/bootstrap.min.js, line 7: Error: Bootstrap tooltips require Tether (http://tether.io/)
1719276326980	Marionette	INFO	Stopped listening on port 54704
Dynamically enable window occlusion 1
1719276459825	geckodriver	INFO	Listening on 127.0.0.1:54810
1719276462879	mozrunner::runner	INFO	Running command: "C:\\Program Files\\Mozilla Firefox\\firefox.exe" "--marionette" "-no-remote" "-profile" "C:\\Users\\Peter\\AppData\\Local\\Temp\\rust_mozprofileT2UWEO"
console.warn: services.settings: Ignoring preference override of remote settings server
console.warn: services.settings: Allow by setting MOZ_REMOTE_SETTINGS_DEVTOOLS=1 in the environment
1719276463165	Marionette	INFO	Marionette enabled
Dynamically enable window occlusion 0
1719276463375	Marionette	INFO	Listening on port 54821
Read port: 54821
1719276463458	RemoteAgent	WARN	TLS certificate errors will be ignored for this session
JavaScript warning: https://www.google.com/xjs/_/js/k=xjs.hd.en.wIqMeTJTtGs.O/am=AAAAAAAAAAAAAAAAAAAAAAAAAAAAAAAAAAAgAAAAAAAgBFAAAAAoAAAAAAAAAAAAABAgBAAABQAAAXAAABEQAAAQAAAgEATgUSYAAAFgAgAAAEAAAKAgAAECAAAgAAAAAEABAAAAAAAAAAAAAGAAAQQAAAAAAAAAAAAAAACgAwAAAAIgQBCAAQwEAAABAAAAyAOA4AAYpCYAAAAAAAAAAAAAAIAAJAjmQgICAggAAAAAAAAAAAAAAAAgJZ1YmA/d=1/ed=1/dg=2/rs=ACT90oE9rif3CnXJ74ec98dBGPb5WG5qJw/ee=ALeJib:B8gLwd;AfeaP:TkrAjf;BMxAGc:E5bFse;BgS6mb:fidj5d;BjwMce:cXX2Wb;CxXAWb:YyRLvc;DM55c:imLrKe;DULqB:RKfG5c;Dkk6ge:wJqrrd;DpcR3d:zL72xf;EABSZ:MXZt9d;ESrPQc:mNTJvc;EVNhjf:pw70Gc;EmZ2Bf:zr1jrb;EnlcNd:WeHg4;Erl4fe:FloWmf,FloWmf;F9mqte:UoRcbe;Fmv9Nc:O1Tzwc;G0KhTb:LIaoZ;G6wU6e:hezEbd;GleZL:J1A7Od;HMDDWe:G8QUdb;HoYVKb:PkDN7e;HqeXPd:cmbnH;IBADCc:RYquRb;IZrNqe:P8ha2c;IoGlCf:b5lhvb;IsdWVc:qzxzOb;JXS8fb:Qj0suc;JbMT3:M25sS;JsbNhc:Xd8iUd;KOxcK:OZqGte;KQzWid:ZMKkN;KcokUb:KiuZBf;KpRAue:Tia57b;LBgRLc:SdcwHb,XVMNvd;LEikZe:byfTOb,lsjVmc;LsNahb:ucGLNb;Me32dd:MEeYgc;NPKaK:SdcwHb;NSEoX:lazG7b;Np8Qkd:Dpx6qc;Nyt6ic:jn2sGd;OgagBe:cNTe0;Oj465e:KG2eXe,KG2eXe;OohIYe:mpEAQb;Pjplud:EEDORb,PoEs9b;Q1Ow7b:x5CSu;Q6C5kf:pfdZCe;QGR0gd:Mlhmy;R2kc8b:ALJqWb;R4IIIb:QWfeKf;R9Ulx:CR7Ufe;RDNBlf:zPRCJb;SLtqO:Kh1xYe;SMDL4c:fTfGO,fTfGO;SNUn3:ZwDk9d,x8cHvb;ShpF6e:N0pvGc;TxfV6d:YORN0b;U96pRd:FsR04;UBKJZ:LGDJGb;UDrY1c:eps46d;UVmjEd:EesRsb;UyG7Kb:wQd0G;V2HTTe:RolTY;VGRfx:VFqbr;VN6jIc:ddQyuf;VOcgDe:YquhTb;VsAqSb:PGf2Re;VxQ32b:k0XsBb;WCEKNd:I46Hvd;WDGyFe:jcVOxd;Wfmdue:g3MJlb;XUezZ:sa7lqb;YV5bee:IvPZ6d;YkQtAf:rx8ur;ZMvdv:PHFPjb;ZSH6tc:QAvyLe;ZWEUA:afR4Cf;a56pNe:JEfCwb;aAJE9c:WHW6Ef;aCJ9tf:qKftvc;aZ61od:arTwJ;af0EJf:ghinId;bDXwRe:UsyOtc;bcPXSc:gSZLJb;cEt90b:ws9Tlc;cFTWae:gT8qnd;coJ8e:KvoW8;dIoSBb:ZgGg9b;dLlj2:Qqt3Gf;daB6be:lMxGPd;dtl0hd:lLQWFe;eBAeSb:Ck63tb;eBZ5Nd:VruDBd;eHDfl:ofjVkb;eO3lse:nFClrf;euOXY:OZjbQ;g8nkx:U4MzKc;gaub4:TN6bMe;gtVSi:ekUOYd;h3MYod:cEt90b;hK67qb:QWEO5b;heHB1:sFczq;hjRo6e:F62sG;hsLsYc:Vl118;iFQyKf:QIhFr,vfuNJf;imqimf:jKGL2e;io8t5d:sgY6Zb;jY0zg:Q6tNgc;k2Qxcb:XY51pe;kCQyJ:ueyPK;kMFpHd:OTA3Ae;kbAm9d:MkHyGd;lkq0A:JyBE3e;nAFL3:NTMZac,s39S4;nJw4Gd:dPFZH;oGtAuc:sOXFj;oSUNyd:fTfGO,fTfGO;oUlnpc:RagDlc;okUaUd:wItadb;pKJiXd:VCenhc;pNsl2d:j9Yuyc;pXdRYb:JKoKVe;pj82le:mg5CW;qZx2Fc:j0xrE;qaS3gd:yiLg6e;qavrXe:zQzcXe;qddgKe:d7YSfd,x4FYXe;rQSrae:C6D5Fc;sP4Vbe:VwDzFe;sTsDMc:kHVSUb;sZmdvc:rdGEfc;tH4IIe:Ymry6;tosKvd:ZCqP3;trZL0b:qY8PFe;uY49fb:COQbmf;uuQkY:u2V3ud;vGrMZ:lPJJ0c;vfVwPd:lcrkwe;w3bZCb:ZPGaIb;w4rSdf:XKiZ9;w9w86d:dt4g2b;wQlYve:aLUfP;wR5FRb:O1Gjze,TtcOte;wV5Pjc:L8KGxe;whEZac:F4AmNb;xBbsrc:NEW1Qc;ysNiMc:CpIBjd;yxTchf:KUM7Z;z97YGf:oug9te;zOsCQe:Ko78Df;zaIgPb:Qtpxbd/m=cdos,hsm,jsa,mb4ZUb,d,csi,cEt90b,SNUn3,qddgKe,sTsDMc,dtl0hd,eHDfl, line 424: Script terminated by timeout at:
_.Lk@https://www.google.com/xjs/_/js/k=xjs.hd.en.wIqMeTJTtGs.O/am=AAAAAAAAAAAAAAAAAAAAAAAAAAAAAAAAAAAgAAAAAAAgBFAAAAAoAAAAAAAAAAAAABAgBAAABQAAAXAAABEQAAAQAAAgEATgUSYAAAFgAgAAAEAAAKAgAAECAAAgAAAAAEABAAAAAAAAAAAAAGAAAQQAAAAAAAAAAAAAAACgAwAAAAIgQBCAAQwEAAABAAAAyAOA4AAYpCYAAAAAAAAAAAAAAIAAJAjmQgICAggAAAAAAAAAAAAAAAAgJZ1YmA/d=1/ed=1/dg=2/rs=ACT90oE9rif3CnXJ74ec98dBGPb5WG5qJw/ee=ALeJib:B8gLwd;AfeaP:TkrAjf;BMxAGc:E5bFse;BgS6mb:fidj5d;BjwMce:cXX2Wb;CxXAWb:YyRLvc;DM55c:imLrKe;DULqB:RKfG5c;Dkk6ge:wJqrrd;DpcR3d:zL72xf;EABSZ:MXZt9d;ESrPQc:mNTJvc;EVNhjf:pw70Gc;EmZ2Bf:zr1jrb;EnlcNd:WeHg4;Erl4fe:FloWmf,FloWmf;F9mqte:UoRcbe;Fmv9Nc:O1Tzwc;G0KhTb:LIaoZ;G6wU6e:hezEbd;GleZL:J1A7Od;HMDDWe:G8QUdb;HoYVKb:PkDN7e;HqeXPd:cmbnH;IBADCc:RYquRb;IZrNqe:P8ha2c;IoGlCf:b5lhvb;IsdWVc:qzxzOb;JXS8fb:Qj0suc;JbMT3:M25sS;JsbNhc:Xd8iUd;KOxcK:OZqGte;KQzWid:ZMKkN;KcokUb:KiuZBf;KpRAue:Tia57b;LBgRLc:SdcwHb,XVMNvd;LEikZe:byfTOb,lsjVmc;LsNahb:ucGLNb;Me32dd:MEeYgc;NPKaK:SdcwHb;NSEoX:lazG7b;Np8Qkd:Dpx6qc;Nyt6ic:jn2sGd;OgagBe:cNTe0;Oj465e:KG2eXe,KG2eXe;OohIYe:mpEAQb;Pjplud:EEDORb,PoEs9b;Q1Ow7b:x5CSu;Q6C5kf:pfdZCe;QGR0gd:Mlhmy;R2kc8b:ALJqWb;R4IIIb:QWfeKf;R9Ulx:CR7Ufe;RDNBlf:zPRCJb;SLtqO:Kh1xYe;SMDL4c:fTfGO,fTfGO;SNUn3:ZwDk9d,x8cHvb;ShpF6e:N0pvGc;TxfV6d:YORN0b;U96pRd:FsR04;UBKJZ:LGDJGb;UDrY1c:eps46d;UVmjEd:EesRsb;UyG7Kb:wQd0G;V2HTTe:RolTY;VGRfx:VFqbr;VN6jIc:ddQyuf;VOcgDe:YquhTb;VsAqSb:PGf2Re;VxQ32b:k0XsBb;WCEKNd:I46Hvd;WDGyFe:jcVOxd;Wfmdue:g3MJlb;XUezZ:sa7lqb;YV5bee:IvPZ6d;YkQtAf:rx8ur;ZMvdv:PHFPjb;ZSH6tc:QAvyLe;ZWEUA:afR4Cf;a56pNe:JEfCwb;aAJE9c:WHW6Ef;aCJ9tf:qKftvc;aZ61od:arTwJ;af0EJf:ghinId;bDXwRe:UsyOtc;bcPXSc:gSZLJb;cEt90b:ws9Tlc;cFTWae:gT8qnd;coJ8e:KvoW8;dIoSBb:ZgGg9b;dLlj2:Qqt3Gf;daB6be:lMxGPd;dtl0hd:lLQWFe;eBAeSb:Ck63tb;eBZ5Nd:VruDBd;eHDfl:ofjVkb;eO3lse:nFClrf;euOXY:OZjbQ;g8nkx:U4MzKc;gaub4:TN6bMe;gtVSi:ekUOYd;h3MYod:cEt90b;hK67qb:QWEO5b;heHB1:sFczq;hjRo6e:F62sG;hsLsYc:Vl118;iFQyKf:QIhFr,vfuNJf;imqimf:jKGL2e;io8t5d:sgY6Zb;jY0zg:Q6tNgc;k2Qxcb:XY51pe;kCQyJ:ueyPK;kMFpHd:OTA3Ae;kbAm9d:MkHyGd;lkq0A:JyBE3e;nAFL3:NTMZac,s39S4;nJw4Gd:dPFZH;oGtAuc:sOXFj;oSUNyd:fTfGO,fTfGO;oUlnpc:RagDlc;okUaUd:wItadb;pKJiXd:VCenhc;pNsl2d:j9Yuyc;pXdRYb:JKoKVe;pj82le:mg5CW;qZx2Fc:j0xrE;qaS3gd:yiLg6e;qavrXe:zQzcXe;qddgKe:d7YSfd,x4FYXe;rQSrae:C6D5Fc;sP4Vbe:VwDzFe;sTsDMc:kHVSUb;sZmdvc:rdGEfc;tH4IIe:Ymry6;tosKvd:ZCqP3;trZL0b:qY8PFe;uY49fb:COQbmf;uuQkY:u2V3ud;vGrMZ:lPJJ0c;vfVwPd:lcrkwe;w3bZCb:ZPGaIb;w4rSdf:XKiZ9;w9w86d:dt4g2b;wQlYve:aLUfP;wR5FRb:O1Gjze,TtcOte;wV5Pjc:L8KGxe;whEZac:F4AmNb;xBbsrc:NEW1Qc;ysNiMc:CpIBjd;yxTchf:KUM7Z;z97YGf:oug9te;zOsCQe:Ko78Df;zaIgPb:Qtpxbd/m=cdos,hsm,jsa,mb4ZUb,d,csi,cEt90b,SNUn3,qddgKe,sTsDMc,dtl0hd,eHDfl:424:172
_.Pk@https://www.google.com/xjs/_/js/k=xjs.hd.en.wIqMeTJTtGs.O/am=AAAAAAAAAAAAAAAAAAAAAAAAAAAAAAAAAAAgAAAAAAAgBFAAAAAoAAAAAAAAAAAAABAgBAAABQAAAXAAABEQAAAQAAAgEATgUSYAAAFgAgAAAEAAAKAgAAECAAAgAAAAAEABAAAAAAAAAAAAAGAAAQQAAAAAAAAAAAAAAACgAwAAAAIgQBCAAQwEAAABAAAAyAOA4AAYpCYAAAAAAAAAAAAAAIAAJAjmQgICAggAAAAAAAAAAAAAAAAgJZ1YmA/d=1/ed=1/dg=2/rs=ACT90oE9rif3CnXJ74ec98dBGPb5WG5qJw/ee=ALeJib:B8gLwd;AfeaP:TkrAjf;BMxAGc:E5bFse;BgS6mb:fidj5d;BjwMce:cXX2Wb;CxXAWb:YyRLvc;DM55c:imLrKe;DULqB:RKfG5c;Dkk6ge:wJqrrd;DpcR3d:zL72xf;EABSZ:MXZt9d;ESrPQc:mNTJvc;EVNhjf:pw70Gc;EmZ2Bf:zr1jrb;EnlcNd:WeHg4;Erl4fe:FloWmf,FloWmf;F9mqte:UoRcbe;Fmv9Nc:O1Tzwc;G0KhTb:LIaoZ;G6wU6e:hezEbd;GleZL:J1A7Od;HMDDWe:G8QUdb;HoYVKb:PkDN7e;HqeXPd:cmbnH;IBADCc:RYquRb;IZrNqe:P8ha2c;IoGlCf:b5lhvb;IsdWVc:qzxzOb;JXS8fb:Qj0suc;JbMT3:M25sS;JsbNhc:Xd8iUd;KOxcK:OZqGte;KQzWid:ZMKkN;KcokUb:KiuZBf;KpRAue:Tia57b;LBgRLc:SdcwHb,XVMNvd;LEikZe:byfTOb,lsjVmc;LsNahb:ucGLNb;Me32dd:MEeYgc;NPKaK:SdcwHb;NSEoX:lazG7b;Np8Qkd:Dpx6qc;Nyt6ic:jn2sGd;OgagBe:cNTe0;Oj465e:KG2eXe,KG2eXe;OohIYe:mpEAQb;Pjplud:EEDORb,PoEs9b;Q1Ow7b:x5CSu;Q6C5kf:pfdZCe;QGR0gd:Mlhmy;R2kc8b:ALJqWb;R4IIIb:QWfeKf;R9Ulx:CR7Ufe;RDNBlf:zPRCJb;SLtqO:Kh1xYe;SMDL4c:fTfGO,fTfGO;SNUn3:ZwDk9d,x8cHvb;ShpF6e:N0pvGc;TxfV6d:YORN0b;U96pRd:FsR04;UBKJZ:LGDJGb;UDrY1c:eps46d;UVmjEd:EesRsb;UyG7Kb:wQd0G;V2HTTe:RolTY;VGRfx:VFqbr;VN6jIc:ddQyuf;VOcgDe:YquhTb;VsAqSb:PGf2Re;VxQ32b:k0XsBb;WCEKNd:I46Hvd;WDGyFe:jcVOxd;Wfmdue:g3MJlb;XUezZ:sa7lqb;YV5bee:IvPZ6d;YkQtAf:rx8ur;ZMvdv:PHFPjb;ZSH6tc:QAvyLe;ZWEUA:afR4Cf;a56pNe:JEfCwb;aAJE9c:WHW6Ef;aCJ9tf:qKftvc;aZ61od:arTwJ;af0EJf:ghinId;bDXwRe:UsyOtc;bcPXSc:gSZLJb;cEt90b:ws9Tlc;cFTWae:gT8qnd;coJ8e:KvoW8;dIoSBb:ZgGg9b;dLlj2:Qqt3Gf;daB6be:lMxGPd;dtl0hd:lLQWFe;eBAeSb:Ck63tb;eBZ5Nd:VruDBd;eHDfl:ofjVkb;eO3lse:nFClrf;euOXY:OZjbQ;g8nkx:U4MzKc;gaub4:TN6bMe;gtVSi:ekUOYd;h3MYod:cEt90b;hK67qb:QWEO5b;heHB1:sFczq;hjRo6e:F62sG;hsLsYc:Vl118;iFQyKf:QIhFr,vfuNJf;imqimf:jKGL2e;io8t5d:sgY6Zb;jY0zg:Q6tNgc;k2Qxcb:XY51pe;kCQyJ:ueyPK;kMFpHd:OTA3Ae;kbAm9d:MkHyGd;lkq0A:JyBE3e;nAFL3:NTMZac,s39S4;nJw4Gd:dPFZH;oGtAuc:sOXFj;oSUNyd:fTfGO,fTfGO;oUlnpc:RagDlc;okUaUd:wItadb;pKJiXd:VCenhc;pNsl2d:j9Yuyc;pXdRYb:JKoKVe;pj82le:mg5CW;qZx2Fc:j0xrE;qaS3gd:yiLg6e;qavrXe:zQzcXe;qddgKe:d7YSfd,x4FYXe;rQSrae:C6D5Fc;sP4Vbe:VwDzFe;sTsDMc:kHVSUb;sZmdvc:rdGEfc;tH4IIe:Ymry6;tosKvd:ZCqP3;trZL0b:qY8PFe;uY49fb:COQbmf;uuQkY:u2V3ud;vGrMZ:lPJJ0c;vfVwPd:lcrkwe;w3bZCb:ZPGaIb;w4rSdf:XKiZ9;w9w86d:dt4g2b;wQlYve:aLUfP;wR5FRb:O1Gjze,TtcOte;wV5Pjc:L8KGxe;whEZac:F4AmNb;xBbsrc:NEW1Qc;ysNiMc:CpIBjd;yxTchf:KUM7Z;z97YGf:oug9te;zOsCQe:Ko78Df;zaIgPb:Qtpxbd/m=cdos,hsm,jsa,mb4ZUb,d,csi,cEt90b,SNUn3,qddgKe,sTsDMc,dtl0hd,eHDfl:429:975
nxa@https://www.google.com/xjs/_/js/k=xjs.hd.en.wIqMeTJTtGs.O/am=AAAAAAAAAAAAAAAAAAAAAAAAAAAAAAAAAAAgAAAAAAAgBFAAAAAoAAAAAAAAAAAAABAgBAAABQAAAXAAABEQAAAQAAAgEATgUSYAAAFgAgAAAEAAAKAgAAECAAAgAAAAAEABAAAAAAAAAAAAAGAAAQQAAAAAAAAAAAAAAACgAwAAAAIgQBCAAQwEAAABAAAAyAOA4AAYpCYAAAAAAAAAAAAAAIAAJAjmQgICAggAAAAAAAAAAAAAAAAgJZ1YmA/d=1/ed=1/dg=2/rs=ACT90oE9rif3CnXJ74ec98dBGPb5WG5qJw/ee=ALeJib:B8gLwd;AfeaP:TkrAjf;BMxAGc:E5bFse;BgS6mb:fidj5d;BjwMce:cXX2Wb;CxXAWb:YyRLvc;DM55c:imLrKe;DULqB:RKfG5c;Dkk6ge:wJqrrd;DpcR3d:zL72xf;EABSZ:MXZt9d;ESrPQc:mNTJvc;EVNhjf:pw70Gc;EmZ2Bf:zr1jrb;EnlcNd:WeHg4;Erl4fe:FloWmf,FloWmf;F9mqte:UoRcbe;Fmv9Nc:O1Tzwc;G0KhTb:LIaoZ;G6wU6e:hezEbd;GleZL:J1A7Od;HMDDWe:G8QUdb;HoYVKb:PkDN7e;HqeXPd:cmbnH;IBADCc:RYquRb;IZrNqe:P8ha2c;IoGlCf:b5lhvb;IsdWVc:qzxzOb;JXS8fb:Qj0suc;JbMT3:M25sS;JsbNhc:Xd8iUd;KOxcK:OZqGte;KQzWid:ZMKkN;KcokUb:KiuZBf;KpRAue:Tia57b;LBgRLc:SdcwHb,XVMNvd;LEikZe:byfTOb,lsjVmc;LsNahb:ucGLNb;Me32dd:MEeYgc;NPKaK:SdcwHb;NSEoX:lazG7b;Np8Qkd:Dpx6qc;Nyt6ic:jn2sGd;OgagBe:cNTe0;Oj465e:KG2eXe,KG2eXe;OohIYe:mpEAQb;Pjplud:EEDORb,PoEs9b;Q1Ow7b:x5CSu;Q6C5kf:pfdZCe;QGR0gd:Mlhmy;R2kc8b:ALJqWb;R4IIIb:QWfeKf;R9Ulx:CR7Ufe;RDNBlf:zPRCJb;SLtqO:Kh1xYe;SMDL4c:fTfGO,fTfGO;SNUn3:ZwDk9d,x8cHvb;ShpF6e:N0pvGc;TxfV6d:YORN0b;U96pRd:FsR04;UBKJZ:LGDJGb;UDrY1c:eps46d;UVmjEd:EesRsb;UyG7Kb:wQd0G;V2HTTe:RolTY;VGRfx:VFqbr;VN6jIc:ddQyuf;VOcgDe:YquhTb;VsAqSb:PGf2Re;VxQ32b:k0XsBb;WCEKNd:I46Hvd;WDGyFe:jcVOxd;Wfmdue:g3MJlb;XUezZ:sa7lqb;YV5bee:IvPZ6d;YkQtAf:rx8ur;ZMvdv:PHFPjb;ZSH6tc:QAvyLe;ZWEUA:afR4Cf;a56pNe:JEfCwb;aAJE9c:WHW6Ef;aCJ9tf:qKftvc;aZ61od:arTwJ;af0EJf:ghinId;bDXwRe:UsyOtc;bcPXSc:gSZLJb;cEt90b:ws9Tlc;cFTWae:gT8qnd;coJ8e:KvoW8;dIoSBb:ZgGg9b;dLlj2:Qqt3Gf;daB6be:lMxGPd;dtl0hd:lLQWFe;eBAeSb:Ck63tb;eBZ5Nd:VruDBd;eHDfl:ofjVkb;eO3lse:nFClrf;euOXY:OZjbQ;g8nkx:U4MzKc;gaub4:TN6bMe;gtVSi:ekUOYd;h3MYod:cEt90b;hK67qb:QWEO5b;heHB1:sFczq;hjRo6e:F62sG;hsLsYc:Vl118;iFQyKf:QIhFr,vfuNJf;imqimf:jKGL2e;io8t5d:sgY6Zb;jY0zg:Q6tNgc;k2Qxcb:XY51pe;kCQyJ:ueyPK;kMFpHd:OTA3Ae;kbAm9d:MkHyGd;lkq0A:JyBE3e;nAFL3:NTMZac,s39S4;nJw4Gd:dPFZH;oGtAuc:sOXFj;oSUNyd:fTfGO,fTfGO;oUlnpc:RagDlc;okUaUd:wItadb;pKJiXd:VCenhc;pNsl2d:j9Yuyc;pXdRYb:JKoKVe;pj82le:mg5CW;qZx2Fc:j0xrE;qaS3gd:yiLg6e;qavrXe:zQzcXe;qddgKe:d7YSfd,x4FYXe;rQSrae:C6D5Fc;sP4Vbe:VwDzFe;sTsDMc:kHVSUb;sZmdvc:rdGEfc;tH4IIe:Ymry6;tosKvd:ZCqP3;trZL0b:qY8PFe;uY49fb:COQbmf;uuQkY:u2V3ud;vGrMZ:lPJJ0c;vfVwPd:lcrkwe;w3bZCb:ZPGaIb;w4rSdf:XKiZ9;w9w86d:dt4g2b;wQlYve:aLUfP;wR5FRb:O1Gjze,TtcOte;wV5Pjc:L8KGxe;whEZac:F4AmNb;xBbsrc:NEW1Qc;ysNiMc:CpIBjd;yxTchf:KUM7Z;z97YGf:oug9te;zOsCQe:Ko78Df;zaIgPb:Qtpxbd/m=cdos,hsm,jsa,mb4ZUb,d,csi,cEt90b,SNUn3,qddgKe,sTsDMc,dtl0hd,eHDfl:441:347
b@https://www.google.com/xjs/_/js/k=xjs.hd.en.wIqMeTJTtGs.O/am=AAAAAAAAAAAAAAAAAAAAAAAAAAAAAAAAAAAgAAAAAAAgBFAAAAAoAAAAAAAAAAAAABAgBAAABQAAAXAAABEQAAAQAAAgEATgUSYAAAFgAgAAAEAAAKAgAAECAAAgAAAAAEABAAAAAAAAAAAAAGAAAQQAAAAAAAAAAAAAAACgAwAAAAIgQBCAAQwEAAABAAAAyAOA4AAYpCYAAAAAAAAAAAAAAIAAJAjmQgICAggAAAAAAAAAAAAAAAAgJZ1YmA/d=1/ed=1/dg=2/rs=ACT90oE9rif3CnXJ74ec98dBGPb5WG5qJw/ee=ALeJib:B8gLwd;AfeaP:TkrAjf;BMxAGc:E5bFse;BgS6mb:fidj5d;BjwMce:cXX2Wb;CxXAWb:YyRLvc;DM55c:imLrKe;DULqB:RKfG5c;Dkk6ge:wJqrrd;DpcR3d:zL72xf;EABSZ:MXZt9d;ESrPQc:mNTJvc;EVNhjf:pw70Gc;EmZ2Bf:zr1jrb;EnlcNd:WeHg4;Erl4fe:FloWmf,FloWmf;F9mqte:UoRcbe;Fmv9Nc:O1Tzwc;G0KhTb:LIaoZ;G6wU6e:hezEbd;GleZL:J1A7Od;HMDDWe:G8QUdb;HoYVKb:PkDN7e;HqeXPd:cmbnH;IBADCc:RYquRb;IZrNqe:P8ha2c;IoGlCf:b5lhvb;IsdWVc:qzxzOb;JXS8fb:Qj0suc;JbMT3:M25sS;JsbNhc:Xd8iUd;KOxcK:OZqGte;KQzWid:ZMKkN;KcokUb:KiuZBf;KpRAue:Tia57b;LBgRLc:SdcwHb,XVMNvd;LEikZe:byfTOb,lsjVmc;LsNahb:ucGLNb;Me32dd:MEeYgc;NPKaK:SdcwHb;NSEoX:lazG7b;Np8Qkd:Dpx6qc;Nyt6ic:jn2sGd;OgagBe:cNTe0;Oj465e:KG2eXe,KG2eXe;OohIYe:mpEAQb;Pjplud:EEDORb,PoEs9b;Q1Ow7b:x5CSu;Q6C5kf:pfdZCe;QGR0gd:Mlhmy;R2kc8b:ALJqWb;R4IIIb:QWfeKf;R9Ulx:CR7Ufe;RDNBlf:zPRCJb;SLtqO:Kh1xYe;SMDL4c:fTfGO,fTfGO;SNUn3:ZwDk9d,x8cHvb;ShpF6e:N0pvGc;TxfV6d:YORN0b;U96pRd:FsR04;UBKJZ:LGDJGb;UDrY1c:eps46d;UVmjEd:EesRsb;UyG7Kb:wQd0G;V2HTTe:RolTY;VGRfx:VFqbr;VN6jIc:ddQyuf;VOcgDe:YquhTb;VsAqSb:PGf2Re;VxQ32b:k0XsBb;WCEKNd:I46Hvd;WDGyFe:jcVOxd;Wfmdue:g3MJlb;XUezZ:sa7lqb;YV5bee:IvPZ6d;YkQtAf:rx8ur;ZMvdv:PHFPjb;ZSH6tc:QAvyLe;ZWEUA:afR4Cf;a56pNe:JEfCwb;aAJE9c:WHW6Ef;aCJ9tf:qKftvc;aZ61od:arTwJ;af0EJf:ghinId;bDXwRe:UsyOtc;bcPXSc:gSZLJb;cEt90b:ws9Tlc;cFTWae:gT8qnd;coJ8e:KvoW8;dIoSBb:ZgGg9b;dLlj2:Qqt3Gf;daB6be:lMxGPd;dtl0hd:lLQWFe;eBAeSb:Ck63tb;eBZ5Nd:VruDBd;eHDfl:ofjVkb;eO3lse:nFClrf;euOXY:OZjbQ;g8nkx:U4MzKc;gaub4:TN6bMe;gtVSi:ekUOYd;h3MYod:cEt90b;hK67qb:QWEO5b;heHB1:sFczq;hjRo6e:F62sG;hsLsYc:Vl118;iFQyKf:QIhFr,vfuNJf;imqimf:jKGL2e;io8t5d:sgY6Zb;jY0zg:Q6tNgc;k2Qxcb:XY51pe;kCQyJ:ueyPK;kMFpHd:OTA3Ae;kbAm9d:MkHyGd;lkq0A:JyBE3e;nAFL3:NTMZac,s39S4;nJw4Gd:dPFZH;oGtAuc:sOXFj;oSUNyd:fTfGO,fTfGO;oUlnpc:RagDlc;okUaUd:wItadb;pKJiXd:VCenhc;pNsl2d:j9Yuyc;pXdRYb:JKoKVe;pj82le:mg5CW;qZx2Fc:j0xrE;qaS3gd:yiLg6e;qavrXe:zQzcXe;qddgKe:d7YSfd,x4FYXe;rQSrae:C6D5Fc;sP4Vbe:VwDzFe;sTsDMc:kHVSUb;sZmdvc:rdGEfc;tH4IIe:Ymry6;tosKvd:ZCqP3;trZL0b:qY8PFe;uY49fb:COQbmf;uuQkY:u2V3ud;vGrMZ:lPJJ0c;vfVwPd:lcrkwe;w3bZCb:ZPGaIb;w4rSdf:XKiZ9;w9w86d:dt4g2b;wQlYve:aLUfP;wR5FRb:O1Gjze,TtcOte;wV5Pjc:L8KGxe;whEZac:F4AmNb;xBbsrc:NEW1Qc;ysNiMc:CpIBjd;yxTchf:KUM7Z;z97YGf:oug9te;zOsCQe:Ko78Df;zaIgPb:Qtpxbd/m=cdos,hsm,jsa,mb4ZUb,d,csi,cEt90b,SNUn3,qddgKe,sTsDMc,dtl0hd,eHDfl:437:49

1719276477373	Marionette	INFO	Stopped listening on port 54821
Dynamically enable window occlusion 1
JavaScript error: chrome://remote/content/marionette/cert.sys.mjs, line 47: NS_ERROR_NOT_AVAILABLE: Component returned failure code: 0x80040111 (NS_ERROR_NOT_AVAILABLE) [nsICertOverrideService.setDisableAllSecurityChecksAndLetAttackersInterceptMyData]
1719277238788	geckodriver	INFO	Listening on 127.0.0.1:55201
1719277241852	mozrunner::runner	INFO	Running command: "C:\\Program Files\\Mozilla Firefox\\firefox.exe" "--marionette" "-no-remote" "-profile" "C:\\Users\\Peter\\AppData\\Local\\Temp\\rust_mozprofileTzLZv1"
console.warn: services.settings: Ignoring preference override of remote settings server
console.warn: services.settings: Allow by setting MOZ_REMOTE_SETTINGS_DEVTOOLS=1 in the environment
1719277242148	Marionette	INFO	Marionette enabled
Dynamically enable window occlusion 0
1719277242355	Marionette	INFO	Listening on port 55212
Read port: 55212
1719277242381	RemoteAgent	WARN	TLS certificate errors will be ignored for this session
JavaScript error: https://inventwithpython.com/js/bootstrap.min.js, line 7: Error: Bootstrap tooltips require Tether (http://tether.io/)
1719277273686	addons.xpi	ERROR	System addon update list error SyntaxError: XMLHttpRequest.open: 'http://%(server)s/dummy-system-addons.xml' is not a valid URL.
console.error: ({})
1719277359475	Marionette	INFO	Stopped listening on port 55212
Dynamically enable window occlusion 1
JavaScript error: chrome://remote/content/marionette/cert.sys.mjs, line 47: NS_ERROR_NOT_AVAILABLE: Component returned failure code: 0x80040111 (NS_ERROR_NOT_AVAILABLE) [nsICertOverrideService.setDisableAllSecurityChecksAndLetAttackersInterceptMyData]
1719277544419	geckodriver	INFO	Listening on 127.0.0.1:55450
1719277547461	mozrunner::runner	INFO	Running command: "C:\\Program Files\\Mozilla Firefox\\firefox.exe" "--marionette" "-no-remote" "-profile" "C:\\Users\\Peter\\AppData\\Local\\Temp\\rust_mozprofileJQEgsU"
console.warn: services.settings: Ignoring preference override of remote settings server
console.warn: services.settings: Allow by setting MOZ_REMOTE_SETTINGS_DEVTOOLS=1 in the environment
1719277547797	Marionette	INFO	Marionette enabled
Dynamically enable window occlusion 0
1719277548037	Marionette	INFO	Listening on port 55461
Read port: 55461
1719277548137	RemoteAgent	WARN	TLS certificate errors will be ignored for this session
1719277578373	addons.xpi	ERROR	System addon update list error SyntaxError: XMLHttpRequest.open: 'http://%(server)s/dummy-system-addons.xml' is not a valid URL.
JavaScript warning: https://www.google.com/xjs/_/js/k=xjs.hd.en.wIqMeTJTtGs.O/am=AAAAAAAAAAAAAAAAAAAAAAAAAAAAAAAAAAAgAAAAAAAgBFAAAAAoAAAAAAAAAAAAABAgBAAABQAAAXAAABEQAAAQAAAgEATgUSYAAAFgAgAAAEAAAKAgAAECAAAgAAAAAEABAAAAAAAAAAAAAGAAAQQAAAAAAAAAAAAAAACgAwAAAAIgQBCAAQwEAAABAAAAyAOA4AAYpCYAAAAAAAAAAAAAAIAAJAjmQgICAggAAAAAAAAAAAAAAAAgJZ1YmA/d=1/ed=1/dg=2/rs=ACT90oE9rif3CnXJ74ec98dBGPb5WG5qJw/ee=ALeJib:B8gLwd;AfeaP:TkrAjf;BMxAGc:E5bFse;BgS6mb:fidj5d;BjwMce:cXX2Wb;CxXAWb:YyRLvc;DM55c:imLrKe;DULqB:RKfG5c;Dkk6ge:wJqrrd;DpcR3d:zL72xf;EABSZ:MXZt9d;ESrPQc:mNTJvc;EVNhjf:pw70Gc;EmZ2Bf:zr1jrb;EnlcNd:WeHg4;Erl4fe:FloWmf,FloWmf;F9mqte:UoRcbe;Fmv9Nc:O1Tzwc;G0KhTb:LIaoZ;G6wU6e:hezEbd;GleZL:J1A7Od;HMDDWe:G8QUdb;HoYVKb:PkDN7e;HqeXPd:cmbnH;IBADCc:RYquRb;IZrNqe:P8ha2c;IoGlCf:b5lhvb;IsdWVc:qzxzOb;JXS8fb:Qj0suc;JbMT3:M25sS;JsbNhc:Xd8iUd;KOxcK:OZqGte;KQzWid:ZMKkN;KcokUb:KiuZBf;KpRAue:Tia57b;LBgRLc:SdcwHb,XVMNvd;LEikZe:byfTOb,lsjVmc;LsNahb:ucGLNb;Me32dd:MEeYgc;NPKaK:SdcwHb;NSEoX:lazG7b;Np8Qkd:Dpx6qc;Nyt6ic:jn2sGd;OgagBe:cNTe0;Oj465e:KG2eXe,KG2eXe;OohIYe:mpEAQb;Pjplud:EEDORb,PoEs9b;Q1Ow7b:x5CSu;Q6C5kf:pfdZCe;QGR0gd:Mlhmy;R2kc8b:ALJqWb;R4IIIb:QWfeKf;R9Ulx:CR7Ufe;RDNBlf:zPRCJb;SLtqO:Kh1xYe;SMDL4c:fTfGO,fTfGO;SNUn3:ZwDk9d,x8cHvb;ShpF6e:N0pvGc;TxfV6d:YORN0b;U96pRd:FsR04;UBKJZ:LGDJGb;UDrY1c:eps46d;UVmjEd:EesRsb;UyG7Kb:wQd0G;V2HTTe:RolTY;VGRfx:VFqbr;VN6jIc:ddQyuf;VOcgDe:YquhTb;VsAqSb:PGf2Re;VxQ32b:k0XsBb;WCEKNd:I46Hvd;WDGyFe:jcVOxd;Wfmdue:g3MJlb;XUezZ:sa7lqb;YV5bee:IvPZ6d;YkQtAf:rx8ur;ZMvdv:PHFPjb;ZSH6tc:QAvyLe;ZWEUA:afR4Cf;a56pNe:JEfCwb;aAJE9c:WHW6Ef;aCJ9tf:qKftvc;aZ61od:arTwJ;af0EJf:ghinId;bDXwRe:UsyOtc;bcPXSc:gSZLJb;cEt90b:ws9Tlc;cFTWae:gT8qnd;coJ8e:KvoW8;dIoSBb:ZgGg9b;dLlj2:Qqt3Gf;daB6be:lMxGPd;dtl0hd:lLQWFe;eBAeSb:Ck63tb;eBZ5Nd:VruDBd;eHDfl:ofjVkb;eO3lse:nFClrf;euOXY:OZjbQ;g8nkx:U4MzKc;gaub4:TN6bMe;gtVSi:ekUOYd;h3MYod:cEt90b;hK67qb:QWEO5b;heHB1:sFczq;hjRo6e:F62sG;hsLsYc:Vl118;iFQyKf:QIhFr,vfuNJf;imqimf:jKGL2e;io8t5d:sgY6Zb;jY0zg:Q6tNgc;k2Qxcb:XY51pe;kCQyJ:ueyPK;kMFpHd:OTA3Ae;kbAm9d:MkHyGd;lkq0A:JyBE3e;nAFL3:NTMZac,s39S4;nJw4Gd:dPFZH;oGtAuc:sOXFj;oSUNyd:fTfGO,fTfGO;oUlnpc:RagDlc;okUaUd:wItadb;pKJiXd:VCenhc;pNsl2d:j9Yuyc;pXdRYb:JKoKVe;pj82le:mg5CW;qZx2Fc:j0xrE;qaS3gd:yiLg6e;qavrXe:zQzcXe;qddgKe:d7YSfd,x4FYXe;rQSrae:C6D5Fc;sP4Vbe:VwDzFe;sTsDMc:kHVSUb;sZmdvc:rdGEfc;tH4IIe:Ymry6;tosKvd:ZCqP3;trZL0b:qY8PFe;uY49fb:COQbmf;uuQkY:u2V3ud;vGrMZ:lPJJ0c;vfVwPd:lcrkwe;w3bZCb:ZPGaIb;w4rSdf:XKiZ9;w9w86d:dt4g2b;wQlYve:aLUfP;wR5FRb:O1Gjze,TtcOte;wV5Pjc:L8KGxe;whEZac:F4AmNb;xBbsrc:NEW1Qc;ysNiMc:CpIBjd;yxTchf:KUM7Z;z97YGf:oug9te;zOsCQe:Ko78Df;zaIgPb:Qtpxbd/m=cdos,hsm,jsa,mb4ZUb,d,csi,cEt90b,SNUn3,qddgKe,sTsDMc,dtl0hd,eHDfl, line 441: Script terminated by timeout at:
qxa@https://www.google.com/xjs/_/js/k=xjs.hd.en.wIqMeTJTtGs.O/am=AAAAAAAAAAAAAAAAAAAAAAAAAAAAAAAAAAAgAAAAAAAgBFAAAAAoAAAAAAAAAAAAABAgBAAABQAAAXAAABEQAAAQAAAgEATgUSYAAAFgAgAAAEAAAKAgAAECAAAgAAAAAEABAAAAAAAAAAAAAGAAAQQAAAAAAAAAAAAAAACgAwAAAAIgQBCAAQwEAAABAAAAyAOA4AAYpCYAAAAAAAAAAAAAAIAAJAjmQgICAggAAAAAAAAAAAAAAAAgJZ1YmA/d=1/ed=1/dg=2/rs=ACT90oE9rif3CnXJ74ec98dBGPb5WG5qJw/ee=ALeJib:B8gLwd;AfeaP:TkrAjf;BMxAGc:E5bFse;BgS6mb:fidj5d;BjwMce:cXX2Wb;CxXAWb:YyRLvc;DM55c:imLrKe;DULqB:RKfG5c;Dkk6ge:wJqrrd;DpcR3d:zL72xf;EABSZ:MXZt9d;ESrPQc:mNTJvc;EVNhjf:pw70Gc;EmZ2Bf:zr1jrb;EnlcNd:WeHg4;Erl4fe:FloWmf,FloWmf;F9mqte:UoRcbe;Fmv9Nc:O1Tzwc;G0KhTb:LIaoZ;G6wU6e:hezEbd;GleZL:J1A7Od;HMDDWe:G8QUdb;HoYVKb:PkDN7e;HqeXPd:cmbnH;IBADCc:RYquRb;IZrNqe:P8ha2c;IoGlCf:b5lhvb;IsdWVc:qzxzOb;JXS8fb:Qj0suc;JbMT3:M25sS;JsbNhc:Xd8iUd;KOxcK:OZqGte;KQzWid:ZMKkN;KcokUb:KiuZBf;KpRAue:Tia57b;LBgRLc:SdcwHb,XVMNvd;LEikZe:byfTOb,lsjVmc;LsNahb:ucGLNb;Me32dd:MEeYgc;NPKaK:SdcwHb;NSEoX:lazG7b;Np8Qkd:Dpx6qc;Nyt6ic:jn2sGd;OgagBe:cNTe0;Oj465e:KG2eXe,KG2eXe;OohIYe:mpEAQb;Pjplud:EEDORb,PoEs9b;Q1Ow7b:x5CSu;Q6C5kf:pfdZCe;QGR0gd:Mlhmy;R2kc8b:ALJqWb;R4IIIb:QWfeKf;R9Ulx:CR7Ufe;RDNBlf:zPRCJb;SLtqO:Kh1xYe;SMDL4c:fTfGO,fTfGO;SNUn3:ZwDk9d,x8cHvb;ShpF6e:N0pvGc;TxfV6d:YORN0b;U96pRd:FsR04;UBKJZ:LGDJGb;UDrY1c:eps46d;UVmjEd:EesRsb;UyG7Kb:wQd0G;V2HTTe:RolTY;VGRfx:VFqbr;VN6jIc:ddQyuf;VOcgDe:YquhTb;VsAqSb:PGf2Re;VxQ32b:k0XsBb;WCEKNd:I46Hvd;WDGyFe:jcVOxd;Wfmdue:g3MJlb;XUezZ:sa7lqb;YV5bee:IvPZ6d;YkQtAf:rx8ur;ZMvdv:PHFPjb;ZSH6tc:QAvyLe;ZWEUA:afR4Cf;a56pNe:JEfCwb;aAJE9c:WHW6Ef;aCJ9tf:qKftvc;aZ61od:arTwJ;af0EJf:ghinId;bDXwRe:UsyOtc;bcPXSc:gSZLJb;cEt90b:ws9Tlc;cFTWae:gT8qnd;coJ8e:KvoW8;dIoSBb:ZgGg9b;dLlj2:Qqt3Gf;daB6be:lMxGPd;dtl0hd:lLQWFe;eBAeSb:Ck63tb;eBZ5Nd:VruDBd;eHDfl:ofjVkb;eO3lse:nFClrf;euOXY:OZjbQ;g8nkx:U4MzKc;gaub4:TN6bMe;gtVSi:ekUOYd;h3MYod:cEt90b;hK67qb:QWEO5b;heHB1:sFczq;hjRo6e:F62sG;hsLsYc:Vl118;iFQyKf:QIhFr,vfuNJf;imqimf:jKGL2e;io8t5d:sgY6Zb;jY0zg:Q6tNgc;k2Qxcb:XY51pe;kCQyJ:ueyPK;kMFpHd:OTA3Ae;kbAm9d:MkHyGd;lkq0A:JyBE3e;nAFL3:NTMZac,s39S4;nJw4Gd:dPFZH;oGtAuc:sOXFj;oSUNyd:fTfGO,fTfGO;oUlnpc:RagDlc;okUaUd:wItadb;pKJiXd:VCenhc;pNsl2d:j9Yuyc;pXdRYb:JKoKVe;pj82le:mg5CW;qZx2Fc:j0xrE;qaS3gd:yiLg6e;qavrXe:zQzcXe;qddgKe:d7YSfd,x4FYXe;rQSrae:C6D5Fc;sP4Vbe:VwDzFe;sTsDMc:kHVSUb;sZmdvc:rdGEfc;tH4IIe:Ymry6;tosKvd:ZCqP3;trZL0b:qY8PFe;uY49fb:COQbmf;uuQkY:u2V3ud;vGrMZ:lPJJ0c;vfVwPd:lcrkwe;w3bZCb:ZPGaIb;w4rSdf:XKiZ9;w9w86d:dt4g2b;wQlYve:aLUfP;wR5FRb:O1Gjze,TtcOte;wV5Pjc:L8KGxe;whEZac:F4AmNb;xBbsrc:NEW1Qc;ysNiMc:CpIBjd;yxTchf:KUM7Z;z97YGf:oug9te;zOsCQe:Ko78Df;zaIgPb:Qtpxbd/m=cdos,hsm,jsa,mb4ZUb,d,csi,cEt90b,SNUn3,qddgKe,sTsDMc,dtl0hd,eHDfl:441:238
nxa@https://www.google.com/xjs/_/js/k=xjs.hd.en.wIqMeTJTtGs.O/am=AAAAAAAAAAAAAAAAAAAAAAAAAAAAAAAAAAAgAAAAAAAgBFAAAAAoAAAAAAAAAAAAABAgBAAABQAAAXAAABEQAAAQAAAgEATgUSYAAAFgAgAAAEAAAKAgAAECAAAgAAAAAEABAAAAAAAAAAAAAGAAAQQAAAAAAAAAAAAAAACgAwAAAAIgQBCAAQwEAAABAAAAyAOA4AAYpCYAAAAAAAAAAAAAAIAAJAjmQgICAggAAAAAAAAAAAAAAAAgJZ1YmA/d=1/ed=1/dg=2/rs=ACT90oE9rif3CnXJ74ec98dBGPb5WG5qJw/ee=ALeJib:B8gLwd;AfeaP:TkrAjf;BMxAGc:E5bFse;BgS6mb:fidj5d;BjwMce:cXX2Wb;CxXAWb:YyRLvc;DM55c:imLrKe;DULqB:RKfG5c;Dkk6ge:wJqrrd;DpcR3d:zL72xf;EABSZ:MXZt9d;ESrPQc:mNTJvc;EVNhjf:pw70Gc;EmZ2Bf:zr1jrb;EnlcNd:WeHg4;Erl4fe:FloWmf,FloWmf;F9mqte:UoRcbe;Fmv9Nc:O1Tzwc;G0KhTb:LIaoZ;G6wU6e:hezEbd;GleZL:J1A7Od;HMDDWe:G8QUdb;HoYVKb:PkDN7e;HqeXPd:cmbnH;IBADCc:RYquRb;IZrNqe:P8ha2c;IoGlCf:b5lhvb;IsdWVc:qzxzOb;JXS8fb:Qj0suc;JbMT3:M25sS;JsbNhc:Xd8iUd;KOxcK:OZqGte;KQzWid:ZMKkN;KcokUb:KiuZBf;KpRAue:Tia57b;LBgRLc:SdcwHb,XVMNvd;LEikZe:byfTOb,lsjVmc;LsNahb:ucGLNb;Me32dd:MEeYgc;NPKaK:SdcwHb;NSEoX:lazG7b;Np8Qkd:Dpx6qc;Nyt6ic:jn2sGd;OgagBe:cNTe0;Oj465e:KG2eXe,KG2eXe;OohIYe:mpEAQb;Pjplud:EEDORb,PoEs9b;Q1Ow7b:x5CSu;Q6C5kf:pfdZCe;QGR0gd:Mlhmy;R2kc8b:ALJqWb;R4IIIb:QWfeKf;R9Ulx:CR7Ufe;RDNBlf:zPRCJb;SLtqO:Kh1xYe;SMDL4c:fTfGO,fTfGO;SNUn3:ZwDk9d,x8cHvb;ShpF6e:N0pvGc;TxfV6d:YORN0b;U96pRd:FsR04;UBKJZ:LGDJGb;UDrY1c:eps46d;UVmjEd:EesRsb;UyG7Kb:wQd0G;V2HTTe:RolTY;VGRfx:VFqbr;VN6jIc:ddQyuf;VOcgDe:YquhTb;VsAqSb:PGf2Re;VxQ32b:k0XsBb;WCEKNd:I46Hvd;WDGyFe:jcVOxd;Wfmdue:g3MJlb;XUezZ:sa7lqb;YV5bee:IvPZ6d;YkQtAf:rx8ur;ZMvdv:PHFPjb;ZSH6tc:QAvyLe;ZWEUA:afR4Cf;a56pNe:JEfCwb;aAJE9c:WHW6Ef;aCJ9tf:qKftvc;aZ61od:arTwJ;af0EJf:ghinId;bDXwRe:UsyOtc;bcPXSc:gSZLJb;cEt90b:ws9Tlc;cFTWae:gT8qnd;coJ8e:KvoW8;dIoSBb:ZgGg9b;dLlj2:Qqt3Gf;daB6be:lMxGPd;dtl0hd:lLQWFe;eBAeSb:Ck63tb;eBZ5Nd:VruDBd;eHDfl:ofjVkb;eO3lse:nFClrf;euOXY:OZjbQ;g8nkx:U4MzKc;gaub4:TN6bMe;gtVSi:ekUOYd;h3MYod:cEt90b;hK67qb:QWEO5b;heHB1:sFczq;hjRo6e:F62sG;hsLsYc:Vl118;iFQyKf:QIhFr,vfuNJf;imqimf:jKGL2e;io8t5d:sgY6Zb;jY0zg:Q6tNgc;k2Qxcb:XY51pe;kCQyJ:ueyPK;kMFpHd:OTA3Ae;kbAm9d:MkHyGd;lkq0A:JyBE3e;nAFL3:NTMZac,s39S4;nJw4Gd:dPFZH;oGtAuc:sOXFj;oSUNyd:fTfGO,fTfGO;oUlnpc:RagDlc;okUaUd:wItadb;pKJiXd:VCenhc;pNsl2d:j9Yuyc;pXdRYb:JKoKVe;pj82le:mg5CW;qZx2Fc:j0xrE;qaS3gd:yiLg6e;qavrXe:zQzcXe;qddgKe:d7YSfd,x4FYXe;rQSrae:C6D5Fc;sP4Vbe:VwDzFe;sTsDMc:kHVSUb;sZmdvc:rdGEfc;tH4IIe:Ymry6;tosKvd:ZCqP3;trZL0b:qY8PFe;uY49fb:COQbmf;uuQkY:u2V3ud;vGrMZ:lPJJ0c;vfVwPd:lcrkwe;w3bZCb:ZPGaIb;w4rSdf:XKiZ9;w9w86d:dt4g2b;wQlYve:aLUfP;wR5FRb:O1Gjze,TtcOte;wV5Pjc:L8KGxe;whEZac:F4AmNb;xBbsrc:NEW1Qc;ysNiMc:CpIBjd;yxTchf:KUM7Z;z97YGf:oug9te;zOsCQe:Ko78Df;zaIgPb:Qtpxbd/m=cdos,hsm,jsa,mb4ZUb,d,csi,cEt90b,SNUn3,qddgKe,sTsDMc,dtl0hd,eHDfl:441:341
b@https://www.google.com/xjs/_/js/k=xjs.hd.en.wIqMeTJTtGs.O/am=AAAAAAAAAAAAAAAAAAAAAAAAAAAAAAAAAAAgAAAAAAAgBFAAAAAoAAAAAAAAAAAAABAgBAAABQAAAXAAABEQAAAQAAAgEATgUSYAAAFgAgAAAEAAAKAgAAECAAAgAAAAAEABAAAAAAAAAAAAAGAAAQQAAAAAAAAAAAAAAACgAwAAAAIgQBCAAQwEAAABAAAAyAOA4AAYpCYAAAAAAAAAAAAAAIAAJAjmQgICAggAAAAAAAAAAAAAAAAgJZ1YmA/d=1/ed=1/dg=2/rs=ACT90oE9rif3CnXJ74ec98dBGPb5WG5qJw/ee=ALeJib:B8gLwd;AfeaP:TkrAjf;BMxAGc:E5bFse;BgS6mb:fidj5d;BjwMce:cXX2Wb;CxXAWb:YyRLvc;DM55c:imLrKe;DULqB:RKfG5c;Dkk6ge:wJqrrd;DpcR3d:zL72xf;EABSZ:MXZt9d;ESrPQc:mNTJvc;EVNhjf:pw70Gc;EmZ2Bf:zr1jrb;EnlcNd:WeHg4;Erl4fe:FloWmf,FloWmf;F9mqte:UoRcbe;Fmv9Nc:O1Tzwc;G0KhTb:LIaoZ;G6wU6e:hezEbd;GleZL:J1A7Od;HMDDWe:G8QUdb;HoYVKb:PkDN7e;HqeXPd:cmbnH;IBADCc:RYquRb;IZrNqe:P8ha2c;IoGlCf:b5lhvb;IsdWVc:qzxzOb;JXS8fb:Qj0suc;JbMT3:M25sS;JsbNhc:Xd8iUd;KOxcK:OZqGte;KQzWid:ZMKkN;KcokUb:KiuZBf;KpRAue:Tia57b;LBgRLc:SdcwHb,XVMNvd;LEikZe:byfTOb,lsjVmc;LsNahb:ucGLNb;Me32dd:MEeYgc;NPKaK:SdcwHb;NSEoX:lazG7b;Np8Qkd:Dpx6qc;Nyt6ic:jn2sGd;OgagBe:cNTe0;Oj465e:KG2eXe,KG2eXe;OohIYe:mpEAQb;Pjplud:EEDORb,PoEs9b;Q1Ow7b:x5CSu;Q6C5kf:pfdZCe;QGR0gd:Mlhmy;R2kc8b:ALJqWb;R4IIIb:QWfeKf;R9Ulx:CR7Ufe;RDNBlf:zPRCJb;SLtqO:Kh1xYe;SMDL4c:fTfGO,fTfGO;SNUn3:ZwDk9d,x8cHvb;ShpF6e:N0pvGc;TxfV6d:YORN0b;U96pRd:FsR04;UBKJZ:LGDJGb;UDrY1c:eps46d;UVmjEd:EesRsb;UyG7Kb:wQd0G;V2HTTe:RolTY;VGRfx:VFqbr;VN6jIc:ddQyuf;VOcgDe:YquhTb;VsAqSb:PGf2Re;VxQ32b:k0XsBb;WCEKNd:I46Hvd;WDGyFe:jcVOxd;Wfmdue:g3MJlb;XUezZ:sa7lqb;YV5bee:IvPZ6d;YkQtAf:rx8ur;ZMvdv:PHFPjb;ZSH6tc:QAvyLe;ZWEUA:afR4Cf;a56pNe:JEfCwb;aAJE9c:WHW6Ef;aCJ9tf:qKftvc;aZ61od:arTwJ;af0EJf:ghinId;bDXwRe:UsyOtc;bcPXSc:gSZLJb;cEt90b:ws9Tlc;cFTWae:gT8qnd;coJ8e:KvoW8;dIoSBb:ZgGg9b;dLlj2:Qqt3Gf;daB6be:lMxGPd;dtl0hd:lLQWFe;eBAeSb:Ck63tb;eBZ5Nd:VruDBd;eHDfl:ofjVkb;eO3lse:nFClrf;euOXY:OZjbQ;g8nkx:U4MzKc;gaub4:TN6bMe;gtVSi:ekUOYd;h3MYod:cEt90b;hK67qb:QWEO5b;heHB1:sFczq;hjRo6e:F62sG;hsLsYc:Vl118;iFQyKf:QIhFr,vfuNJf;imqimf:jKGL2e;io8t5d:sgY6Zb;jY0zg:Q6tNgc;k2Qxcb:XY51pe;kCQyJ:ueyPK;kMFpHd:OTA3Ae;kbAm9d:MkHyGd;lkq0A:JyBE3e;nAFL3:NTMZac,s39S4;nJw4Gd:dPFZH;oGtAuc:sOXFj;oSUNyd:fTfGO,fTfGO;oUlnpc:RagDlc;okUaUd:wItadb;pKJiXd:VCenhc;pNsl2d:j9Yuyc;pXdRYb:JKoKVe;pj82le:mg5CW;qZx2Fc:j0xrE;qaS3gd:yiLg6e;qavrXe:zQzcXe;qddgKe:d7YSfd,x4FYXe;rQSrae:C6D5Fc;sP4Vbe:VwDzFe;sTsDMc:kHVSUb;sZmdvc:rdGEfc;tH4IIe:Ymry6;tosKvd:ZCqP3;trZL0b:qY8PFe;uY49fb:COQbmf;uuQkY:u2V3ud;vGrMZ:lPJJ0c;vfVwPd:lcrkwe;w3bZCb:ZPGaIb;w4rSdf:XKiZ9;w9w86d:dt4g2b;wQlYve:aLUfP;wR5FRb:O1Gjze,TtcOte;wV5Pjc:L8KGxe;whEZac:F4AmNb;xBbsrc:NEW1Qc;ysNiMc:CpIBjd;yxTchf:KUM7Z;z97YGf:oug9te;zOsCQe:Ko78Df;zaIgPb:Qtpxbd/m=cdos,hsm,jsa,mb4ZUb,d,csi,cEt90b,SNUn3,qddgKe,sTsDMc,dtl0hd,eHDfl:437:49

1719277626910	Marionette	INFO	Stopped listening on port 55461
Dynamically enable window occlusion 1
JavaScript error: chrome://remote/content/marionette/cert.sys.mjs, line 47: NS_ERROR_NOT_AVAILABLE: Component returned failure code: 0x80040111 (NS_ERROR_NOT_AVAILABLE) [nsICertOverrideService.setDisableAllSecurityChecksAndLetAttackersInterceptMyData]
1719278970686	geckodriver	INFO	Listening on 127.0.0.1:56173
1719278973744	mozrunner::runner	INFO	Running command: "C:\\Program Files\\Mozilla Firefox\\firefox.exe" "--marionette" "-no-remote" "-profile" "C:\\Users\\Peter\\AppData\\Local\\Temp\\rust_mozprofileppond1"
console.warn: services.settings: Ignoring preference override of remote settings server
console.warn: services.settings: Allow by setting MOZ_REMOTE_SETTINGS_DEVTOOLS=1 in the environment
1719278974036	Marionette	INFO	Marionette enabled
Dynamically enable window occlusion 0
1719278974240	Marionette	INFO	Listening on port 56184
Read port: 56184
1719278974321	RemoteAgent	WARN	TLS certificate errors will be ignored for this session
1719279004469	addons.xpi	ERROR	System addon update list error SyntaxError: XMLHttpRequest.open: 'http://%(server)s/dummy-system-addons.xml' is not a valid URL.
console.warn: LoginRecipes: "Falling back to a synchronous message for: https://login.metafilter.com."
1719279135141	Marionette	INFO	Stopped listening on port 56184
Dynamically enable window occlusion 1
1719414176392	geckodriver	INFO	Listening on 127.0.0.1:15975
1719414179423	mozrunner::runner	INFO	Running command: "C:\\Program Files\\Mozilla Firefox\\firefox.exe" "--marionette" "-no-remote" "-profile" "C:\\Users\\Peter\\AppData\\Local\\Temp\\rust_mozprofile2CmQ37"
1719414192489	geckodriver	INFO	Listening on 127.0.0.1:16026
1719414195548	mozrunner::runner	INFO	Running command: "C:\\Program Files\\Mozilla Firefox\\firefox.exe" "--marionette" "-no-remote" "-profile" "C:\\Users\\Peter\\AppData\\Local\\Temp\\rust_mozprofileSg76Bt"
console.warn: services.settings: Ignoring preference override of remote settings server
console.warn: services.settings: Allow by setting MOZ_REMOTE_SETTINGS_DEVTOOLS=1 in the environment
1719414195845	Marionette	INFO	Marionette enabled
Dynamically enable window occlusion 0
1719414196053	Marionette	INFO	Listening on port 16038
Read port: 16038
1719414196082	RemoteAgent	WARN	TLS certificate errors will be ignored for this session
JavaScript warning: https://ajax.googleapis.com/ajax/libs/jquery/2.2.4/jquery.min.js, line 3: Script terminated by timeout at:
fix@https://ajax.googleapis.com/ajax/libs/jquery/2.2.4/jquery.min.js:3:9075
dispatch@https://ajax.googleapis.com/ajax/libs/jquery/2.2.4/jquery.min.js:3:7035
add/r.handle@https://ajax.googleapis.com/ajax/libs/jquery/2.2.4/jquery.min.js:3:5620

1719414208252	Marionette	INFO	Stopped listening on port 16038
Dynamically enable window occlusion 1
1719414285991	geckodriver	INFO	Listening on 127.0.0.1:16115
1719414289081	mozrunner::runner	INFO	Running command: "C:\\Program Files\\Mozilla Firefox\\firefox.exe" "--marionette" "-no-remote" "-profile" "C:\\Users\\Peter\\AppData\\Local\\Temp\\rust_mozprofile9PzreK"
console.warn: services.settings: Ignoring preference override of remote settings server
console.warn: services.settings: Allow by setting MOZ_REMOTE_SETTINGS_DEVTOOLS=1 in the environment
1719414289371	Marionette	INFO	Marionette enabled
Dynamically enable window occlusion 0
1719414289581	Marionette	INFO	Listening on port 16126
Read port: 16126
1719414289657	RemoteAgent	WARN	TLS certificate errors will be ignored for this session
console.error: BackupService: "Failed to measure for resource: miscellaneous" (new NotFoundError("Could not stat `C:\\Users\\Peter\\AppData\\Local\\Temp\\rust_mozprofile9PzreK\\storage\\permanent\\chrome\\idb\\2823318777ntouromlalnodry--naod.sqlite-journal': file does not exist (NS_ERROR_FILE_NOT_FOUND)", (void 0)))
console.warn: LoginRecipes: "Falling back to a synchronous message for: https://accounts.google.com."
1719414319868	addons.xpi	ERROR	System addon update list error SyntaxError: XMLHttpRequest.open: 'http://%(server)s/dummy-system-addons.xml' is not a valid URL.
console.error: "Error while calling actor 'inspector's method 'getHighlighterByType'" "Component returned failure code: 0x80040111 (NS_ERROR_NOT_AVAILABLE) [nsIDOMWindowUtils.getScrollbarSize]"
console.error: ({})
JavaScript error: resource://devtools/client/fronts/inspector.js, line 148: Error: The target doesn't support creating highlighters by types or BoxModelHighlighter is unknown
JavaScript error: resource://devtools/client/fronts/inspector.js, line 148: Error: The target doesn't support creating highlighters by types or BoxModelHighlighter is unknown
JavaScript error: resource://devtools/client/fronts/inspector.js, line 148: Error: The target doesn't support creating highlighters by types or BoxModelHighlighter is unknown
JavaScript error: resource://devtools/client/fronts/inspector.js, line 148: Error: The target doesn't support creating highlighters by types or BoxModelHighlighter is unknown
JavaScript error: resource://devtools/client/fronts/inspector.js, line 148: Error: The target doesn't support creating highlighters by types or BoxModelHighlighter is unknown
JavaScript error: resource://devtools/client/fronts/inspector.js, line 148: Error: The target doesn't support creating highlighters by types or BoxModelHighlighter is unknown
JavaScript error: resource://devtools/client/fronts/inspector.js, line 148: Error: The target doesn't support creating highlighters by types or BoxModelHighlighter is unknown
JavaScript error: resource://devtools/client/fronts/inspector.js, line 148: Error: The target doesn't support creating highlighters by types or BoxModelHighlighter is unknown
JavaScript error: resource://devtools/client/fronts/inspector.js, line 148: Error: The target doesn't support creating highlighters by types or BoxModelHighlighter is unknown
JavaScript error: resource://devtools/client/fronts/inspector.js, line 148: Error: The target doesn't support creating highlighters by types or BoxModelHighlighter is unknown
JavaScript error: resource://devtools/client/fronts/inspector.js, line 148: Error: The target doesn't support creating highlighters by types or BoxModelHighlighter is unknown
JavaScript error: resource://devtools/client/fronts/inspector.js, line 148: Error: The target doesn't support creating highlighters by types or BoxModelHighlighter is unknown
JavaScript error: resource://devtools/client/fronts/inspector.js, line 148: Error: The target doesn't support creating highlighters by types or BoxModelHighlighter is unknown
JavaScript error: resource://devtools/client/fronts/inspector.js, line 148: Error: The target doesn't support creating highlighters by types or BoxModelHighlighter is unknown
console.error: "Can't start recording from event type: " "paste"
JavaScript warning: https://pagead2.googlesyndication.com/bg/VKtwqYIMw_jEtcsYEdk2t0uWx1X5nCbHNvrRSJpikmk.js line 2 > eval line 1116 > eval line 1 > eval line 1 > eval, line 1: WEBGL_debug_renderer_info is deprecated in Firefox and will be removed. Please use RENDERER.
JavaScript warning: https://pagead2.googlesyndication.com/bg/VKtwqYIMw_jEtcsYEdk2t0uWx1X5nCbHNvrRSJpikmk.js line 2 > eval line 2915 > eval line 1 > eval line 1 > eval, line 1: WEBGL_debug_renderer_info is deprecated in Firefox and will be removed. Please use RENDERER.
JavaScript warning: https://pagead2.googlesyndication.com/bg/VKtwqYIMw_jEtcsYEdk2t0uWx1X5nCbHNvrRSJpikmk.js line 2 > eval line 916 > eval line 1 > eval line 1 > eval, line 1: WEBGL_debug_renderer_info is deprecated in Firefox and will be removed. Please use RENDERER.
console.error: "buildList failed: " ({})
JavaScript warning: https://www.googletagmanager.com/gtag/js?id=G-WCZ03SZFCQ, line 614: Script terminated by timeout at:
ca.rh@https://www.googletagmanager.com/gtag/js?id=G-WCZ03SZFCQ:614:491
get@https://www.googletagmanager.com/gtag/js?id=G-WCZ03SZFCQ:613:119
stop@https://www.googletagmanager.com/gtag/js?id=G-WCZ03SZFCQ:613:87
ca.Ik/c/<@https://www.googletagmanager.com/gtag/js?id=G-WCZ03SZFCQ:613:412

JavaScript error: resource://gre/modules/AsyncShutdown.sys.mjs, line 569: NotFoundError: No such JSProcessActor 'DevToolsProcess'
JavaScript error: resource://gre/modules/AsyncShutdown.sys.mjs, line 569: NotFoundError: No such JSProcessActor 'DevToolsProcess'
JavaScript error: resource://gre/modules/AsyncShutdown.sys.mjs, line 569: NotFoundError: No such JSProcessActor 'DevToolsProcess'
JavaScript error: resource://gre/modules/AsyncShutdown.sys.mjs, line 569: NotFoundError: No such JSProcessActor 'DevToolsProcess'
JavaScript error: resource://gre/modules/AsyncShutdown.sys.mjs, line 569: NotFoundError: No such JSProcessActor 'DevToolsProcess'
JavaScript error: resource://gre/modules/AsyncShutdown.sys.mjs, line 569: NotFoundError: No such JSProcessActor 'DevToolsProcess'
JavaScript error: resource://gre/modules/AsyncShutdown.sys.mjs, line 569: NotFoundError: No such JSProcessActor 'DevToolsProcess'
1719415066515	Marionette	INFO	Stopped listening on port 16126
Dynamically enable window occlusion 1
JavaScript error: , line 0: TypeError: NetworkError when attempting to fetch resource.
JavaScript error: , line 0: TypeError: NetworkError when attempting to fetch resource.
1719415111048	geckodriver	INFO	Listening on 127.0.0.1:16569
1719415114096	mozrunner::runner	INFO	Running command: "C:\\Program Files\\Mozilla Firefox\\firefox.exe" "--marionette" "-no-remote" "-profile" "C:\\Users\\Peter\\AppData\\Local\\Temp\\rust_mozprofileS36J3U"
console.warn: services.settings: Ignoring preference override of remote settings server
console.warn: services.settings: Allow by setting MOZ_REMOTE_SETTINGS_DEVTOOLS=1 in the environment
1719415114391	Marionette	INFO	Marionette enabled
Dynamically enable window occlusion 0
1719415114597	Marionette	INFO	Listening on port 16580
Read port: 16580
1719415114678	RemoteAgent	WARN	TLS certificate errors will be ignored for this session
console.warn: LoginRecipes: "Falling back to a synchronous message for: https://accounts.google.com."
1719415123461	Marionette	INFO	Stopped listening on port 16580
Dynamically enable window occlusion 1
1719415797243	geckodriver	INFO	Listening on 127.0.0.1:16924
1719415800287	mozrunner::runner	INFO	Running command: "C:\\Program Files\\Mozilla Firefox\\firefox.exe" "--marionette" "-no-remote" "-profile" "C:\\Users\\Peter\\AppData\\Local\\Temp\\rust_mozprofileGWznU0"
console.warn: services.settings: Ignoring preference override of remote settings server
console.warn: services.settings: Allow by setting MOZ_REMOTE_SETTINGS_DEVTOOLS=1 in the environment
1719415800586	Marionette	INFO	Marionette enabled
Dynamically enable window occlusion 0
1719415800795	Marionette	INFO	Listening on port 16935
Read port: 16935
1719415800912	RemoteAgent	WARN	TLS certificate errors will be ignored for this session
console.warn: LoginRecipes: "Falling back to a synchronous message for: https://accounts.google.com."
1719415809345	Marionette	INFO	Stopped listening on port 16935
Dynamically enable window occlusion 1
1719415853012	geckodriver	INFO	Listening on 127.0.0.1:17001
1719415856060	mozrunner::runner	INFO	Running command: "C:\\Program Files\\Mozilla Firefox\\firefox.exe" "--marionette" "-no-remote" "-profile" "C:\\Users\\Peter\\AppData\\Local\\Temp\\rust_mozprofile5qYjpu"
console.warn: services.settings: Ignoring preference override of remote settings server
console.warn: services.settings: Allow by setting MOZ_REMOTE_SETTINGS_DEVTOOLS=1 in the environment
1719415856367	Marionette	INFO	Marionette enabled
Dynamically enable window occlusion 0
1719415856570	Marionette	INFO	Listening on port 17013
Read port: 17013
1719415856694	RemoteAgent	WARN	TLS certificate errors will be ignored for this session
console.warn: LoginRecipes: "Falling back to a synchronous message for: https://accounts.google.com."
JavaScript warning: https://accounts.google.com/v3/signin/identifier?continue=https%3A%2F%2Fmail.google.com%2Fmail%2Fu%2F0%2F&emr=1&followup=https%3A%2F%2Fmail.google.com%2Fmail%2Fu%2F0%2F&ifkv=AS5LTARff4roU7TGXbjQ6iBRohlr5XpsZEraS37MIgoagE0ckFCCJ8qaRziaUrZpiJo6iVJKtFq1&osid=1&passive=1209600&service=mail&flowName=GlifWebSignIn&flowEntry=ServiceLogin&dsh=S-1107070252%3A1719415857041710&ddm=0 line 84 > injectedScript line 2 > eval line 6601 > eval line 1 > eval line 1 > eval, line 1: WEBGL_debug_renderer_info is deprecated in Firefox and will be removed. Please use RENDERER.
JavaScript warning: https://www.gstatic.com/_/mss/boq-identity/_/js/k=boq-identity.AccountsSignInUi.en_US.zzp5aG8rl3Q.es5.O/ck=boq-identity.AccountsSignInUi.W4tccE-tPLI.L.F4.O/am=HwCD6J6jAIjnnAMfoBQIGQAAAAAAQAAAsAyQGQ/d=1/exm=AvtSve,CMcBD,E87wgc,EFQ78c,EN3i8d,F6sNGb,Fndnac,I6YDgd,IZT63,K0PMbc,K1ZKnb,KUM7Z,L1AAkb,L9OGUe,LDQI,LEikZe,MpJwZc,NOeYWe,NTMZac,O6y8ed,PHUIyb,PrPYRd,Rkm0ef,SCuOPb,SD8Jgb,STuCOe,SpsfSb,Tbb4sb,UUJqVe,Uas9Hd,YHI3We,YTxL4,YgOFye,ZakeSe,_b,_tp,aC1iue,aW3pY,b3kMqb,bSspM,bTi8wc,byfTOb,eVCnO,f8Gu1e,gJzDyc,hc6Ubd,inNHtf,lRrMHd,lsjVmc,ltDFwf,lwddkf,m9oV,mvkUhe,mzzZzc,n73qwf,njlZCf,oLggrd,pxq3x,qPYxq,qPfo0c,qmdT9,r1n9ec,rCcCxc,rmumx,siKnQd,soHxf,t2srLd,tUnxGc,vHEMJe,vfuNJf,vvMGie,ws9Tlc,xBaz7b,xQtZb,xiZRqc,yRXbo,ywOR5c,z0u0L,zbML3c,ziZ8Mc,zr1jrb,zy0vNb/excm=_b,_tp,identifierview/ed=1/wt=2/ujg=1/rs=AOaEmlEwWNFzABmi0kerrxM_e48jH52CJg/ee=ASJRFf:DAnQ7e;Al0B8:kibjWe;DaIJ8c:iAskyc;EVNhjf:pw70Gc;EkYFhd:F6sNGb;EmZ2Bf:zr1jrb;Erl4fe:FloWmf;JsbNhc:Xd8iUd;LBgRLc:XVMNvd;Me32dd:MEeYgc;NPKaK:PVlQOd;NSEoX:lazG7b;Oj465e:KG2eXe;Pjplud:EEDORb;QGR0gd:Mlhmy;SMDL4c:K0PMbc;SNUn3:ZwDk9d;UpnZUd:nnwwYc;XdiAjb:NLiXbe;a56pNe:JEfCwb;cEt90b:ws9Tlc;dIoSBb:SpsfSb;eBAeSb:zbML3c;iFQyKf:vfuNJf;io8t5d:yDVVkb;kMFpHd:OTA3Ae;nAFL3:NTMZac;nTuGK:JKNPM;oGtAuc:sOXFj;oSUNyd:K0PMbc;oXZmbc:tUnxGc;pXdRYb:L9OGUe;qddgKe:xQtZb;sP4Vbe:VwDzFe;uY49fb:COQbmf;ul9GGd:VDovNc;vNjB7d:YTxL4;wR5FRb:siKnQd;yxTchf:KUM7Z/m=RqjULd, line 17: Script terminated by timeout at:
e@https://www.gstatic.com/_/mss/boq-identity/_/js/k=boq-identity.AccountsSignInUi.en_US.zzp5aG8rl3Q.es5.O/ck=boq-identity.AccountsSignInUi.W4tccE-tPLI.L.F4.O/am=HwCD6J6jAIjnnAMfoBQIGQAAAAAAQAAAsAyQGQ/d=1/exm=AvtSve,CMcBD,E87wgc,EFQ78c,EN3i8d,F6sNGb,Fndnac,I6YDgd,IZT63,K0PMbc,K1ZKnb,KUM7Z,L1AAkb,L9OGUe,LDQI,LEikZe,MpJwZc,NOeYWe,NTMZac,O6y8ed,PHUIyb,PrPYRd,Rkm0ef,SCuOPb,SD8Jgb,STuCOe,SpsfSb,Tbb4sb,UUJqVe,Uas9Hd,YHI3We,YTxL4,YgOFye,ZakeSe,_b,_tp,aC1iue,aW3pY,b3kMqb,bSspM,bTi8wc,byfTOb,eVCnO,f8Gu1e,gJzDyc,hc6Ubd,inNHtf,lRrMHd,lsjVmc,ltDFwf,lwddkf,m9oV,mvkUhe,mzzZzc,n73qwf,njlZCf,oLggrd,pxq3x,qPYxq,qPfo0c,qmdT9,r1n9ec,rCcCxc,rmumx,siKnQd,soHxf,t2srLd,tUnxGc,vHEMJe,vfuNJf,vvMGie,ws9Tlc,xBaz7b,xQtZb,xiZRqc,yRXbo,ywOR5c,z0u0L,zbML3c,ziZ8Mc,zr1jrb,zy0vNb/excm=_b,_tp,identifierview/ed=1/wt=2/ujg=1/rs=AOaEmlEwWNFzABmi0kerrxM_e48jH52CJg/ee=ASJRFf:DAnQ7e;Al0B8:kibjWe;DaIJ8c:iAskyc;EVNhjf:pw70Gc;EkYFhd:F6sNGb;EmZ2Bf:zr1jrb;Erl4fe:FloWmf;JsbNhc:Xd8iUd;LBgRLc:XVMNvd;Me32dd:MEeYgc;NPKaK:PVlQOd;NSEoX:lazG7b;Oj465e:KG2eXe;Pjplud:EEDORb;QGR0gd:Mlhmy;SMDL4c:K0PMbc;SNUn3:ZwDk9d;UpnZUd:nnwwYc;XdiAjb:NLiXbe;a56pNe:JEfCwb;cEt90b:ws9Tlc;dIoSBb:SpsfSb;eBAeSb:zbML3c;iFQyKf:vfuNJf;io8t5d:yDVVkb;kMFpHd:OTA3Ae;nAFL3:NTMZac;nTuGK:JKNPM;oGtAuc:sOXFj;oSUNyd:K0PMbc;oXZmbc:tUnxGc;pXdRYb:L9OGUe;qddgKe:xQtZb;sP4Vbe:VwDzFe;uY49fb:COQbmf;ul9GGd:VDovNc;vNjB7d:YTxL4;wR5FRb:siKnQd;yxTchf:KUM7Z/m=RqjULd:17:33
REa/<@https://www.gstatic.com/_/mss/boq-identity/_/js/k=boq-identity.AccountsSignInUi.en_US.zzp5aG8rl3Q.es5.O/ck=boq-identity.AccountsSignInUi.W4tccE-tPLI.L.F4.O/am=HwCD6J6jAIjnnAMfoBQIGQAAAAAAQAAAsAyQGQ/d=1/exm=AvtSve,CMcBD,E87wgc,EFQ78c,EN3i8d,F6sNGb,Fndnac,I6YDgd,IZT63,K0PMbc,K1ZKnb,KUM7Z,L1AAkb,L9OGUe,LDQI,LEikZe,MpJwZc,NOeYWe,NTMZac,O6y8ed,PHUIyb,PrPYRd,Rkm0ef,SCuOPb,SD8Jgb,STuCOe,SpsfSb,Tbb4sb,UUJqVe,Uas9Hd,YHI3We,YTxL4,YgOFye,ZakeSe,_b,_tp,aC1iue,aW3pY,b3kMqb,bSspM,bTi8wc,byfTOb,eVCnO,f8Gu1e,gJzDyc,hc6Ubd,inNHtf,lRrMHd,lsjVmc,ltDFwf,lwddkf,m9oV,mvkUhe,mzzZzc,n73qwf,njlZCf,oLggrd,pxq3x,qPYxq,qPfo0c,qmdT9,r1n9ec,rCcCxc,rmumx,siKnQd,soHxf,t2srLd,tUnxGc,vHEMJe,vfuNJf,vvMGie,ws9Tlc,xBaz7b,xQtZb,xiZRqc,yRXbo,ywOR5c,z0u0L,zbML3c,ziZ8Mc,zr1jrb,zy0vNb/excm=_b,_tp,identifierview/ed=1/wt=2/ujg=1/rs=AOaEmlEwWNFzABmi0kerrxM_e48jH52CJg/ee=ASJRFf:DAnQ7e;Al0B8:kibjWe;DaIJ8c:iAskyc;EVNhjf:pw70Gc;EkYFhd:F6sNGb;EmZ2Bf:zr1jrb;Erl4fe:FloWmf;JsbNhc:Xd8iUd;LBgRLc:XVMNvd;Me32dd:MEeYgc;NPKaK:PVlQOd;NSEoX:lazG7b;Oj465e:KG2eXe;Pjplud:EEDORb;QGR0gd:Mlhmy;SMDL4c:K0PMbc;SNUn3:ZwDk9d;UpnZUd:nnwwYc;XdiAjb:NLiXbe;a56pNe:JEfCwb;cEt90b:ws9Tlc;dIoSBb:SpsfSb;eBAeSb:zbML3c;iFQyKf:vfuNJf;io8t5d:yDVVkb;kMFpHd:OTA3Ae;nAFL3:NTMZac;nTuGK:JKNPM;oGtAuc:sOXFj;oSUNyd:K0PMbc;oXZmbc:tUnxGc;pXdRYb:L9OGUe;qddgKe:xQtZb;sP4Vbe:VwDzFe;uY49fb:COQbmf;ul9GGd:VDovNc;vNjB7d:YTxL4;wR5FRb:siKnQd;yxTchf:KUM7Z/m=RqjULd:18:30
c@https://www.gstatic.com/_/mss/boq-identity/_/js/k=boq-identity.AccountsSignInUi.en_US.zzp5aG8rl3Q.es5.O/ck=boq-identity.AccountsSignInUi.W4tccE-tPLI.L.F4.O/am=HwCD6J6jAIjnnAMfoBQIGQAAAAAAQAAAsAyQGQ/d=1/exm=AvtSve,CMcBD,E87wgc,EFQ78c,EN3i8d,F6sNGb,Fndnac,I6YDgd,IZT63,K0PMbc,K1ZKnb,KUM7Z,L1AAkb,L9OGUe,LDQI,LEikZe,MpJwZc,NOeYWe,NTMZac,O6y8ed,PHUIyb,PrPYRd,Rkm0ef,SCuOPb,SD8Jgb,STuCOe,SpsfSb,Tbb4sb,UUJqVe,Uas9Hd,YHI3We,YTxL4,YgOFye,ZakeSe,_b,_tp,aC1iue,aW3pY,b3kMqb,bSspM,bTi8wc,byfTOb,eVCnO,f8Gu1e,gJzDyc,hc6Ubd,inNHtf,lRrMHd,lsjVmc,ltDFwf,lwddkf,m9oV,mvkUhe,mzzZzc,n73qwf,njlZCf,oLggrd,pxq3x,qPYxq,qPfo0c,qmdT9,r1n9ec,rCcCxc,rmumx,siKnQd,soHxf,t2srLd,tUnxGc,vHEMJe,vfuNJf,vvMGie,ws9Tlc,xBaz7b,xQtZb,xiZRqc,yRXbo,ywOR5c,z0u0L,zbML3c,ziZ8Mc,zr1jrb,zy0vNb/excm=_b,_tp,identifierview/ed=1/wt=2/ujg=1/rs=AOaEmlEwWNFzABmi0kerrxM_e48jH52CJg/ee=ASJRFf:DAnQ7e;Al0B8:kibjWe;DaIJ8c:iAskyc;EVNhjf:pw70Gc;EkYFhd:F6sNGb;EmZ2Bf:zr1jrb;Erl4fe:FloWmf;JsbNhc:Xd8iUd;LBgRLc:XVMNvd;Me32dd:MEeYgc;NPKaK:PVlQOd;NSEoX:lazG7b;Oj465e:KG2eXe;Pjplud:EEDORb;QGR0gd:Mlhmy;SMDL4c:K0PMbc;SNUn3:ZwDk9d;UpnZUd:nnwwYc;XdiAjb:NLiXbe;a56pNe:JEfCwb;cEt90b:ws9Tlc;dIoSBb:SpsfSb;eBAeSb:zbML3c;iFQyKf:vfuNJf;io8t5d:yDVVkb;kMFpHd:OTA3Ae;nAFL3:NTMZac;nTuGK:JKNPM;oGtAuc:sOXFj;oSUNyd:K0PMbc;oXZmbc:tUnxGc;pXdRYb:L9OGUe;qddgKe:xQtZb;sP4Vbe:VwDzFe;uY49fb:COQbmf;ul9GGd:VDovNc;vNjB7d:YTxL4;wR5FRb:siKnQd;yxTchf:KUM7Z/m=RqjULd:13:3183

1719415862596	Marionette	INFO	Stopped listening on port 17013
Dynamically enable window occlusion 1
1719416958660	geckodriver	INFO	Listening on 127.0.0.1:17638
1719416961712	mozrunner::runner	INFO	Running command: "C:\\Program Files\\Mozilla Firefox\\firefox.exe" "--marionette" "-no-remote" "-profile" "C:\\Users\\Peter\\AppData\\Local\\Temp\\rust_mozprofilelG9B6R"
console.warn: services.settings: Ignoring preference override of remote settings server
console.warn: services.settings: Allow by setting MOZ_REMOTE_SETTINGS_DEVTOOLS=1 in the environment
1719416961968	Marionette	INFO	Marionette enabled
Dynamically enable window occlusion 0
1719416962040	Marionette	INFO	Listening on port 17649
Read port: 17649
1719416962129	RemoteAgent	WARN	TLS certificate errors will be ignored for this session
console.warn: LoginRecipes: "Falling back to a synchronous message for: https://accounts.google.com."
JavaScript warning: https://accounts.google.com/v3/signin/identifier?continue=https%3A%2F%2Fmail.google.com%2Fmail%2Fu%2F0%2F&emr=1&followup=https%3A%2F%2Fmail.google.com%2Fmail%2Fu%2F0%2F&ifkv=AS5LTARxuJjNZerpD7ArGSRYp72GZhyiGrTpFfIHIkCJ46XkGtppx3QBE8zxuv59zC3yYWqRXoST&osid=1&passive=1209600&service=mail&flowName=GlifWebSignIn&flowEntry=ServiceLogin&dsh=S-1140334403%3A1719416963197829&ddm=0 line 84 > injectedScript line 2 > eval line 2580 > eval line 1 > eval line 1 > eval, line 1: WEBGL_debug_renderer_info is deprecated in Firefox and will be removed. Please use RENDERER.
console.warn: LoginRecipes: "Falling back to a synchronous message for: https://accounts.google.com."
1719416969480	Marionette	INFO	Stopped listening on port 17649
Dynamically enable window occlusion 1
1719417182504	geckodriver	INFO	Listening on 127.0.0.1:17990
1719417185567	mozrunner::runner	INFO	Running command: "C:\\Program Files\\Mozilla Firefox\\firefox.exe" "--marionette" "-no-remote" "-profile" "C:\\Users\\Peter\\AppData\\Local\\Temp\\rust_mozprofileaQILtp"
console.warn: services.settings: Ignoring preference override of remote settings server
console.warn: services.settings: Allow by setting MOZ_REMOTE_SETTINGS_DEVTOOLS=1 in the environment
1719417185845	Marionette	INFO	Marionette enabled
Dynamically enable window occlusion 0
1719417185921	Marionette	INFO	Listening on port 18001
Read port: 18001
1719417186089	RemoteAgent	WARN	TLS certificate errors will be ignored for this session
console.warn: LoginRecipes: "Falling back to a synchronous message for: https://accounts.google.com."
JavaScript warning: https://accounts.google.com/v3/signin/identifier?continue=https%3A%2F%2Fmail.google.com%2Fmail%2Fu%2F0%2F&emr=1&followup=https%3A%2F%2Fmail.google.com%2Fmail%2Fu%2F0%2F&ifkv=AS5LTARAzEFh6zsZEXAsh9VF7vQP1K-PULtnSBQRbzsN67pnUu5tNmowsfRJxTpPVC74Wjgtp0ey3A&osid=1&passive=1209600&service=mail&flowName=GlifWebSignIn&flowEntry=ServiceLogin&dsh=S1040560923%3A1719417187389772&ddm=0 line 84 > injectedScript line 2 > eval line 2554 > eval line 1 > eval line 1 > eval, line 1: WEBGL_debug_renderer_info is deprecated in Firefox and will be removed. Please use RENDERER.
console.warn: LoginRecipes: "Falling back to a synchronous message for: https://accounts.google.com."
1719417192902	Marionette	INFO	Stopped listening on port 18001
Dynamically enable window occlusion 1
1719417253699	geckodriver	INFO	Listening on 127.0.0.1:18080
1719417256742	mozrunner::runner	INFO	Running command: "C:\\Program Files\\Mozilla Firefox\\firefox.exe" "--marionette" "-no-remote" "-profile" "C:\\Users\\Peter\\AppData\\Local\\Temp\\rust_mozprofile7HcWM8"
console.warn: services.settings: Ignoring preference override of remote settings server
console.warn: services.settings: Allow by setting MOZ_REMOTE_SETTINGS_DEVTOOLS=1 in the environment
1719417257021	Marionette	INFO	Marionette enabled
Dynamically enable window occlusion 0
1719417257117	Marionette	INFO	Listening on port 18091
Read port: 18091
1719417257226	RemoteAgent	WARN	TLS certificate errors will be ignored for this session
console.warn: LoginRecipes: "Falling back to a synchronous message for: https://accounts.google.com."
JavaScript warning: https://accounts.google.com/v3/signin/identifier?continue=https%3A%2F%2Fmail.google.com%2Fmail%2Fu%2F0%2F&emr=1&followup=https%3A%2F%2Fmail.google.com%2Fmail%2Fu%2F0%2F&ifkv=AS5LTASgzXeCf7ErgRCFbXunNeiTmBYQBib4MqFoy1GTjvRFzUfUy2mr8P1XwleDIpvMS15IFGSARg&osid=1&passive=1209600&service=mail&flowName=GlifWebSignIn&flowEntry=ServiceLogin&dsh=S604487160%3A1719417258429524&ddm=0 line 84 > injectedScript line 2 > eval line 4744 > eval line 1 > eval line 1 > eval, line 1: WEBGL_debug_renderer_info is deprecated in Firefox and will be removed. Please use RENDERER.
console.warn: LoginRecipes: "Falling back to a synchronous message for: https://accounts.google.com."
JavaScript warning: https://www.gstatic.com/_/mss/boq-identity/_/js/k=boq-identity.AccountsSignInUi.en_US.zzp5aG8rl3Q.es5.O/ck=boq-identity.AccountsSignInUi.W4tccE-tPLI.L.F4.O/am=HwCD6J6jAIjnnAMfoBQIGQAAAAAAQAAAsAyQGQ/d=1/exm=AvtSve,CMcBD,E87wgc,EFQ78c,EN3i8d,F6sNGb,Fndnac,I6YDgd,IZT63,K0PMbc,K1ZKnb,KUM7Z,L1AAkb,L9OGUe,LDQI,LEikZe,MpJwZc,NOeYWe,NTMZac,O6y8ed,PHUIyb,PrPYRd,Rkm0ef,SCuOPb,SD8Jgb,STuCOe,SpsfSb,Tbb4sb,UUJqVe,Uas9Hd,YHI3We,YTxL4,YgOFye,ZakeSe,_b,_tp,aC1iue,aW3pY,b3kMqb,bSspM,bTi8wc,byfTOb,eVCnO,f8Gu1e,gJzDyc,hc6Ubd,inNHtf,lRrMHd,lsjVmc,ltDFwf,lwddkf,m9oV,mvkUhe,mzzZzc,n73qwf,njlZCf,oLggrd,pxq3x,qPYxq,qPfo0c,qmdT9,r1n9ec,rCcCxc,rmumx,siKnQd,soHxf,t2srLd,tUnxGc,vHEMJe,vfuNJf,vvMGie,ws9Tlc,xBaz7b,xQtZb,xiZRqc,yRXbo,ywOR5c,z0u0L,zbML3c,ziZ8Mc,zr1jrb,zy0vNb/excm=_b,_tp,identifierview/ed=1/wt=2/ujg=1/rs=AOaEmlEwWNFzABmi0kerrxM_e48jH52CJg/ee=ASJRFf:DAnQ7e;Al0B8:kibjWe;DaIJ8c:iAskyc;EVNhjf:pw70Gc;EkYFhd:F6sNGb;EmZ2Bf:zr1jrb;Erl4fe:FloWmf;JsbNhc:Xd8iUd;LBgRLc:XVMNvd;Me32dd:MEeYgc;NPKaK:PVlQOd;NSEoX:lazG7b;Oj465e:KG2eXe;Pjplud:EEDORb;QGR0gd:Mlhmy;SMDL4c:K0PMbc;SNUn3:ZwDk9d;UpnZUd:nnwwYc;XdiAjb:NLiXbe;a56pNe:JEfCwb;cEt90b:ws9Tlc;dIoSBb:SpsfSb;eBAeSb:zbML3c;iFQyKf:vfuNJf;io8t5d:yDVVkb;kMFpHd:OTA3Ae;nAFL3:NTMZac;nTuGK:JKNPM;oGtAuc:sOXFj;oSUNyd:K0PMbc;oXZmbc:tUnxGc;pXdRYb:L9OGUe;qddgKe:xQtZb;sP4Vbe:VwDzFe;uY49fb:COQbmf;ul9GGd:VDovNc;vNjB7d:YTxL4;wR5FRb:siKnQd;yxTchf:KUM7Z/m=RqjULd, line 17: Script terminated by timeout at:
e@https://www.gstatic.com/_/mss/boq-identity/_/js/k=boq-identity.AccountsSignInUi.en_US.zzp5aG8rl3Q.es5.O/ck=boq-identity.AccountsSignInUi.W4tccE-tPLI.L.F4.O/am=HwCD6J6jAIjnnAMfoBQIGQAAAAAAQAAAsAyQGQ/d=1/exm=AvtSve,CMcBD,E87wgc,EFQ78c,EN3i8d,F6sNGb,Fndnac,I6YDgd,IZT63,K0PMbc,K1ZKnb,KUM7Z,L1AAkb,L9OGUe,LDQI,LEikZe,MpJwZc,NOeYWe,NTMZac,O6y8ed,PHUIyb,PrPYRd,Rkm0ef,SCuOPb,SD8Jgb,STuCOe,SpsfSb,Tbb4sb,UUJqVe,Uas9Hd,YHI3We,YTxL4,YgOFye,ZakeSe,_b,_tp,aC1iue,aW3pY,b3kMqb,bSspM,bTi8wc,byfTOb,eVCnO,f8Gu1e,gJzDyc,hc6Ubd,inNHtf,lRrMHd,lsjVmc,ltDFwf,lwddkf,m9oV,mvkUhe,mzzZzc,n73qwf,njlZCf,oLggrd,pxq3x,qPYxq,qPfo0c,qmdT9,r1n9ec,rCcCxc,rmumx,siKnQd,soHxf,t2srLd,tUnxGc,vHEMJe,vfuNJf,vvMGie,ws9Tlc,xBaz7b,xQtZb,xiZRqc,yRXbo,ywOR5c,z0u0L,zbML3c,ziZ8Mc,zr1jrb,zy0vNb/excm=_b,_tp,identifierview/ed=1/wt=2/ujg=1/rs=AOaEmlEwWNFzABmi0kerrxM_e48jH52CJg/ee=ASJRFf:DAnQ7e;Al0B8:kibjWe;DaIJ8c:iAskyc;EVNhjf:pw70Gc;EkYFhd:F6sNGb;EmZ2Bf:zr1jrb;Erl4fe:FloWmf;JsbNhc:Xd8iUd;LBgRLc:XVMNvd;Me32dd:MEeYgc;NPKaK:PVlQOd;NSEoX:lazG7b;Oj465e:KG2eXe;Pjplud:EEDORb;QGR0gd:Mlhmy;SMDL4c:K0PMbc;SNUn3:ZwDk9d;UpnZUd:nnwwYc;XdiAjb:NLiXbe;a56pNe:JEfCwb;cEt90b:ws9Tlc;dIoSBb:SpsfSb;eBAeSb:zbML3c;iFQyKf:vfuNJf;io8t5d:yDVVkb;kMFpHd:OTA3Ae;nAFL3:NTMZac;nTuGK:JKNPM;oGtAuc:sOXFj;oSUNyd:K0PMbc;oXZmbc:tUnxGc;pXdRYb:L9OGUe;qddgKe:xQtZb;sP4Vbe:VwDzFe;uY49fb:COQbmf;ul9GGd:VDovNc;vNjB7d:YTxL4;wR5FRb:siKnQd;yxTchf:KUM7Z/m=RqjULd:17:33
REa/<@https://www.gstatic.com/_/mss/boq-identity/_/js/k=boq-identity.AccountsSignInUi.en_US.zzp5aG8rl3Q.es5.O/ck=boq-identity.AccountsSignInUi.W4tccE-tPLI.L.F4.O/am=HwCD6J6jAIjnnAMfoBQIGQAAAAAAQAAAsAyQGQ/d=1/exm=AvtSve,CMcBD,E87wgc,EFQ78c,EN3i8d,F6sNGb,Fndnac,I6YDgd,IZT63,K0PMbc,K1ZKnb,KUM7Z,L1AAkb,L9OGUe,LDQI,LEikZe,MpJwZc,NOeYWe,NTMZac,O6y8ed,PHUIyb,PrPYRd,Rkm0ef,SCuOPb,SD8Jgb,STuCOe,SpsfSb,Tbb4sb,UUJqVe,Uas9Hd,YHI3We,YTxL4,YgOFye,ZakeSe,_b,_tp,aC1iue,aW3pY,b3kMqb,bSspM,bTi8wc,byfTOb,eVCnO,f8Gu1e,gJzDyc,hc6Ubd,inNHtf,lRrMHd,lsjVmc,ltDFwf,lwddkf,m9oV,mvkUhe,mzzZzc,n73qwf,njlZCf,oLggrd,pxq3x,qPYxq,qPfo0c,qmdT9,r1n9ec,rCcCxc,rmumx,siKnQd,soHxf,t2srLd,tUnxGc,vHEMJe,vfuNJf,vvMGie,ws9Tlc,xBaz7b,xQtZb,xiZRqc,yRXbo,ywOR5c,z0u0L,zbML3c,ziZ8Mc,zr1jrb,zy0vNb/excm=_b,_tp,identifierview/ed=1/wt=2/ujg=1/rs=AOaEmlEwWNFzABmi0kerrxM_e48jH52CJg/ee=ASJRFf:DAnQ7e;Al0B8:kibjWe;DaIJ8c:iAskyc;EVNhjf:pw70Gc;EkYFhd:F6sNGb;EmZ2Bf:zr1jrb;Erl4fe:FloWmf;JsbNhc:Xd8iUd;LBgRLc:XVMNvd;Me32dd:MEeYgc;NPKaK:PVlQOd;NSEoX:lazG7b;Oj465e:KG2eXe;Pjplud:EEDORb;QGR0gd:Mlhmy;SMDL4c:K0PMbc;SNUn3:ZwDk9d;UpnZUd:nnwwYc;XdiAjb:NLiXbe;a56pNe:JEfCwb;cEt90b:ws9Tlc;dIoSBb:SpsfSb;eBAeSb:zbML3c;iFQyKf:vfuNJf;io8t5d:yDVVkb;kMFpHd:OTA3Ae;nAFL3:NTMZac;nTuGK:JKNPM;oGtAuc:sOXFj;oSUNyd:K0PMbc;oXZmbc:tUnxGc;pXdRYb:L9OGUe;qddgKe:xQtZb;sP4Vbe:VwDzFe;uY49fb:COQbmf;ul9GGd:VDovNc;vNjB7d:YTxL4;wR5FRb:siKnQd;yxTchf:KUM7Z/m=RqjULd:18:30
c@https://www.gstatic.com/_/mss/boq-identity/_/js/k=boq-identity.AccountsSignInUi.en_US.zzp5aG8rl3Q.es5.O/ck=boq-identity.AccountsSignInUi.W4tccE-tPLI.L.F4.O/am=HwCD6J6jAIjnnAMfoBQIGQAAAAAAQAAAsAyQGQ/d=1/exm=AvtSve,CMcBD,E87wgc,EFQ78c,EN3i8d,F6sNGb,Fndnac,I6YDgd,IZT63,K0PMbc,K1ZKnb,KUM7Z,L1AAkb,L9OGUe,LDQI,LEikZe,MpJwZc,NOeYWe,NTMZac,O6y8ed,PHUIyb,PrPYRd,Rkm0ef,SCuOPb,SD8Jgb,STuCOe,SpsfSb,Tbb4sb,UUJqVe,Uas9Hd,YHI3We,YTxL4,YgOFye,ZakeSe,_b,_tp,aC1iue,aW3pY,b3kMqb,bSspM,bTi8wc,byfTOb,eVCnO,f8Gu1e,gJzDyc,hc6Ubd,inNHtf,lRrMHd,lsjVmc,ltDFwf,lwddkf,m9oV,mvkUhe,mzzZzc,n73qwf,njlZCf,oLggrd,pxq3x,qPYxq,qPfo0c,qmdT9,r1n9ec,rCcCxc,rmumx,siKnQd,soHxf,t2srLd,tUnxGc,vHEMJe,vfuNJf,vvMGie,ws9Tlc,xBaz7b,xQtZb,xiZRqc,yRXbo,ywOR5c,z0u0L,zbML3c,ziZ8Mc,zr1jrb,zy0vNb/excm=_b,_tp,identifierview/ed=1/wt=2/ujg=1/rs=AOaEmlEwWNFzABmi0kerrxM_e48jH52CJg/ee=ASJRFf:DAnQ7e;Al0B8:kibjWe;DaIJ8c:iAskyc;EVNhjf:pw70Gc;EkYFhd:F6sNGb;EmZ2Bf:zr1jrb;Erl4fe:FloWmf;JsbNhc:Xd8iUd;LBgRLc:XVMNvd;Me32dd:MEeYgc;NPKaK:PVlQOd;NSEoX:lazG7b;Oj465e:KG2eXe;Pjplud:EEDORb;QGR0gd:Mlhmy;SMDL4c:K0PMbc;SNUn3:ZwDk9d;UpnZUd:nnwwYc;XdiAjb:NLiXbe;a56pNe:JEfCwb;cEt90b:ws9Tlc;dIoSBb:SpsfSb;eBAeSb:zbML3c;iFQyKf:vfuNJf;io8t5d:yDVVkb;kMFpHd:OTA3Ae;nAFL3:NTMZac;nTuGK:JKNPM;oGtAuc:sOXFj;oSUNyd:K0PMbc;oXZmbc:tUnxGc;pXdRYb:L9OGUe;qddgKe:xQtZb;sP4Vbe:VwDzFe;uY49fb:COQbmf;ul9GGd:VDovNc;vNjB7d:YTxL4;wR5FRb:siKnQd;yxTchf:KUM7Z/m=RqjULd:13:3183

1719417267660	Marionette	INFO	Stopped listening on port 18091
Dynamically enable window occlusion 1
1719417656128	geckodriver	INFO	Listening on 127.0.0.1:18291
1719417659166	mozrunner::runner	INFO	Running command: "C:\\Program Files\\Mozilla Firefox\\firefox.exe" "--marionette" "-no-remote" "-profile" "C:\\Users\\Peter\\AppData\\Local\\Temp\\rust_mozprofileSmqiww"
console.warn: services.settings: Ignoring preference override of remote settings server
console.warn: services.settings: Allow by setting MOZ_REMOTE_SETTINGS_DEVTOOLS=1 in the environment
1719417659420	Marionette	INFO	Marionette enabled
Dynamically enable window occlusion 0
1719417659489	Marionette	INFO	Listening on port 18302
Read port: 18302
1719417659612	RemoteAgent	WARN	TLS certificate errors will be ignored for this session
console.warn: LoginRecipes: "Falling back to a synchronous message for: https://accounts.google.com."
JavaScript warning: https://accounts.google.com/v3/signin/identifier?continue=https%3A%2F%2Fmail.google.com%2Fmail%2Fu%2F0%2F&emr=1&followup=https%3A%2F%2Fmail.google.com%2Fmail%2Fu%2F0%2F&ifkv=AS5LTATxfRKXswRKz-_-oIm5zeaq88q-TZUPm0Bvaj4OZgspqk1jc9QajKLC1zz7OBPEZbtICFTJHQ&osid=1&passive=1209600&service=mail&flowName=GlifWebSignIn&flowEntry=ServiceLogin&dsh=S-536346775%3A1719417660603131&ddm=0 line 84 > injectedScript line 2 > eval line 5706 > eval line 1 > eval line 1 > eval, line 1: WEBGL_debug_renderer_info is deprecated in Firefox and will be removed. Please use RENDERER.
console.warn: LoginRecipes: "Falling back to a synchronous message for: https://accounts.google.com."
JavaScript warning: https://www.gstatic.com/_/mss/boq-identity/_/js/k=boq-identity.AccountsSignInUi.en_US.tJAV7vL1l6c.es5.O/ck=boq-identity.AccountsSignInUi.8FFJ1XGRDgI.L.F4.O/am=H2AYCJ1zFADxnHPgA5QCIQMAAAAAAAgAAJYBMgM/d=1/exm=AvtSve,CMcBD,E87wgc,EFQ78c,EN3i8d,F6sNGb,Fndnac,I6YDgd,IZT63,K0PMbc,K1ZKnb,KUM7Z,L1AAkb,L9OGUe,LDQI,LEikZe,MpJwZc,NOeYWe,NTMZac,O6y8ed,PHUIyb,PrPYRd,Rkm0ef,SCuOPb,SD8Jgb,STuCOe,SpsfSb,Tbb4sb,UUJqVe,Uas9Hd,YHI3We,YTxL4,YgOFye,ZakeSe,_b,_tp,aC1iue,aW3pY,b3kMqb,bSspM,bTi8wc,byfTOb,eVCnO,f8Gu1e,gJzDyc,hc6Ubd,inNHtf,lRrMHd,lsjVmc,ltDFwf,lwddkf,m9oV,mvkUhe,mzzZzc,n73qwf,njlZCf,oLggrd,pxq3x,qPYxq,qPfo0c,qmdT9,r1n9ec,rCcCxc,rmumx,siKnQd,soHxf,t2srLd,tUnxGc,vHEMJe,vfuNJf,vvMGie,ws9Tlc,xBaz7b,xQtZb,xiZRqc,yRXbo,ywOR5c,z0u0L,zbML3c,ziZ8Mc,zr1jrb,zy0vNb/excm=_b,_tp,identifierview/ed=1/wt=2/ujg=1/rs=AOaEmlErjzsrGPu91TFFvUgSXtbOO2aTYA/ee=ASJRFf:DAnQ7e;Al0B8:kibjWe;DaIJ8c:iAskyc;EVNhjf:pw70Gc;EkYFhd:F6sNGb;EmZ2Bf:zr1jrb;Erl4fe:FloWmf;JsbNhc:Xd8iUd;LBgRLc:XVMNvd;Me32dd:MEeYgc;NPKaK:PVlQOd;NSEoX:lazG7b;Oj465e:KG2eXe;Pjplud:EEDORb;QGR0gd:Mlhmy;SMDL4c:K0PMbc;SNUn3:ZwDk9d;UpnZUd:nnwwYc;XdiAjb:NLiXbe;a56pNe:JEfCwb;cEt90b:ws9Tlc;dIoSBb:SpsfSb;eBAeSb:zbML3c;iFQyKf:vfuNJf;io8t5d:yDVVkb;kMFpHd:OTA3Ae;nAFL3:NTMZac;nTuGK:JKNPM;oGtAuc:sOXFj;oSUNyd:K0PMbc;oXZmbc:tUnxGc;pXdRYb:L9OGUe;qddgKe:xQtZb;sP4Vbe:VwDzFe;uY49fb:COQbmf;ul9GGd:VDovNc;vNjB7d:YTxL4;wR5FRb:siKnQd;yxTchf:KUM7Z/m=RqjULd, line 17: Script terminated by timeout at:
e@https://www.gstatic.com/_/mss/boq-identity/_/js/k=boq-identity.AccountsSignInUi.en_US.tJAV7vL1l6c.es5.O/ck=boq-identity.AccountsSignInUi.8FFJ1XGRDgI.L.F4.O/am=H2AYCJ1zFADxnHPgA5QCIQMAAAAAAAgAAJYBMgM/d=1/exm=AvtSve,CMcBD,E87wgc,EFQ78c,EN3i8d,F6sNGb,Fndnac,I6YDgd,IZT63,K0PMbc,K1ZKnb,KUM7Z,L1AAkb,L9OGUe,LDQI,LEikZe,MpJwZc,NOeYWe,NTMZac,O6y8ed,PHUIyb,PrPYRd,Rkm0ef,SCuOPb,SD8Jgb,STuCOe,SpsfSb,Tbb4sb,UUJqVe,Uas9Hd,YHI3We,YTxL4,YgOFye,ZakeSe,_b,_tp,aC1iue,aW3pY,b3kMqb,bSspM,bTi8wc,byfTOb,eVCnO,f8Gu1e,gJzDyc,hc6Ubd,inNHtf,lRrMHd,lsjVmc,ltDFwf,lwddkf,m9oV,mvkUhe,mzzZzc,n73qwf,njlZCf,oLggrd,pxq3x,qPYxq,qPfo0c,qmdT9,r1n9ec,rCcCxc,rmumx,siKnQd,soHxf,t2srLd,tUnxGc,vHEMJe,vfuNJf,vvMGie,ws9Tlc,xBaz7b,xQtZb,xiZRqc,yRXbo,ywOR5c,z0u0L,zbML3c,ziZ8Mc,zr1jrb,zy0vNb/excm=_b,_tp,identifierview/ed=1/wt=2/ujg=1/rs=AOaEmlErjzsrGPu91TFFvUgSXtbOO2aTYA/ee=ASJRFf:DAnQ7e;Al0B8:kibjWe;DaIJ8c:iAskyc;EVNhjf:pw70Gc;EkYFhd:F6sNGb;EmZ2Bf:zr1jrb;Erl4fe:FloWmf;JsbNhc:Xd8iUd;LBgRLc:XVMNvd;Me32dd:MEeYgc;NPKaK:PVlQOd;NSEoX:lazG7b;Oj465e:KG2eXe;Pjplud:EEDORb;QGR0gd:Mlhmy;SMDL4c:K0PMbc;SNUn3:ZwDk9d;UpnZUd:nnwwYc;XdiAjb:NLiXbe;a56pNe:JEfCwb;cEt90b:ws9Tlc;dIoSBb:SpsfSb;eBAeSb:zbML3c;iFQyKf:vfuNJf;io8t5d:yDVVkb;kMFpHd:OTA3Ae;nAFL3:NTMZac;nTuGK:JKNPM;oGtAuc:sOXFj;oSUNyd:K0PMbc;oXZmbc:tUnxGc;pXdRYb:L9OGUe;qddgKe:xQtZb;sP4Vbe:VwDzFe;uY49fb:COQbmf;ul9GGd:VDovNc;vNjB7d:YTxL4;wR5FRb:siKnQd;yxTchf:KUM7Z/m=RqjULd:17:33
dFa/<@https://www.gstatic.com/_/mss/boq-identity/_/js/k=boq-identity.AccountsSignInUi.en_US.tJAV7vL1l6c.es5.O/ck=boq-identity.AccountsSignInUi.8FFJ1XGRDgI.L.F4.O/am=H2AYCJ1zFADxnHPgA5QCIQMAAAAAAAgAAJYBMgM/d=1/exm=AvtSve,CMcBD,E87wgc,EFQ78c,EN3i8d,F6sNGb,Fndnac,I6YDgd,IZT63,K0PMbc,K1ZKnb,KUM7Z,L1AAkb,L9OGUe,LDQI,LEikZe,MpJwZc,NOeYWe,NTMZac,O6y8ed,PHUIyb,PrPYRd,Rkm0ef,SCuOPb,SD8Jgb,STuCOe,SpsfSb,Tbb4sb,UUJqVe,Uas9Hd,YHI3We,YTxL4,YgOFye,ZakeSe,_b,_tp,aC1iue,aW3pY,b3kMqb,bSspM,bTi8wc,byfTOb,eVCnO,f8Gu1e,gJzDyc,hc6Ubd,inNHtf,lRrMHd,lsjVmc,ltDFwf,lwddkf,m9oV,mvkUhe,mzzZzc,n73qwf,njlZCf,oLggrd,pxq3x,qPYxq,qPfo0c,qmdT9,r1n9ec,rCcCxc,rmumx,siKnQd,soHxf,t2srLd,tUnxGc,vHEMJe,vfuNJf,vvMGie,ws9Tlc,xBaz7b,xQtZb,xiZRqc,yRXbo,ywOR5c,z0u0L,zbML3c,ziZ8Mc,zr1jrb,zy0vNb/excm=_b,_tp,identifierview/ed=1/wt=2/ujg=1/rs=AOaEmlErjzsrGPu91TFFvUgSXtbOO2aTYA/ee=ASJRFf:DAnQ7e;Al0B8:kibjWe;DaIJ8c:iAskyc;EVNhjf:pw70Gc;EkYFhd:F6sNGb;EmZ2Bf:zr1jrb;Erl4fe:FloWmf;JsbNhc:Xd8iUd;LBgRLc:XVMNvd;Me32dd:MEeYgc;NPKaK:PVlQOd;NSEoX:lazG7b;Oj465e:KG2eXe;Pjplud:EEDORb;QGR0gd:Mlhmy;SMDL4c:K0PMbc;SNUn3:ZwDk9d;UpnZUd:nnwwYc;XdiAjb:NLiXbe;a56pNe:JEfCwb;cEt90b:ws9Tlc;dIoSBb:SpsfSb;eBAeSb:zbML3c;iFQyKf:vfuNJf;io8t5d:yDVVkb;kMFpHd:OTA3Ae;nAFL3:NTMZac;nTuGK:JKNPM;oGtAuc:sOXFj;oSUNyd:K0PMbc;oXZmbc:tUnxGc;pXdRYb:L9OGUe;qddgKe:xQtZb;sP4Vbe:VwDzFe;uY49fb:COQbmf;ul9GGd:VDovNc;vNjB7d:YTxL4;wR5FRb:siKnQd;yxTchf:KUM7Z/m=RqjULd:18:30
c@https://www.gstatic.com/_/mss/boq-identity/_/js/k=boq-identity.AccountsSignInUi.en_US.tJAV7vL1l6c.es5.O/ck=boq-identity.AccountsSignInUi.8FFJ1XGRDgI.L.F4.O/am=H2AYCJ1zFADxnHPgA5QCIQMAAAAAAAgAAJYBMgM/d=1/exm=AvtSve,CMcBD,E87wgc,EFQ78c,EN3i8d,F6sNGb,Fndnac,I6YDgd,IZT63,K0PMbc,K1ZKnb,KUM7Z,L1AAkb,L9OGUe,LDQI,LEikZe,MpJwZc,NOeYWe,NTMZac,O6y8ed,PHUIyb,PrPYRd,Rkm0ef,SCuOPb,SD8Jgb,STuCOe,SpsfSb,Tbb4sb,UUJqVe,Uas9Hd,YHI3We,YTxL4,YgOFye,ZakeSe,_b,_tp,aC1iue,aW3pY,b3kMqb,bSspM,bTi8wc,byfTOb,eVCnO,f8Gu1e,gJzDyc,hc6Ubd,inNHtf,lRrMHd,lsjVmc,ltDFwf,lwddkf,m9oV,mvkUhe,mzzZzc,n73qwf,njlZCf,oLggrd,pxq3x,qPYxq,qPfo0c,qmdT9,r1n9ec,rCcCxc,rmumx,siKnQd,soHxf,t2srLd,tUnxGc,vHEMJe,vfuNJf,vvMGie,ws9Tlc,xBaz7b,xQtZb,xiZRqc,yRXbo,ywOR5c,z0u0L,zbML3c,ziZ8Mc,zr1jrb,zy0vNb/excm=_b,_tp,identifierview/ed=1/wt=2/ujg=1/rs=AOaEmlErjzsrGPu91TFFvUgSXtbOO2aTYA/ee=ASJRFf:DAnQ7e;Al0B8:kibjWe;DaIJ8c:iAskyc;EVNhjf:pw70Gc;EkYFhd:F6sNGb;EmZ2Bf:zr1jrb;Erl4fe:FloWmf;JsbNhc:Xd8iUd;LBgRLc:XVMNvd;Me32dd:MEeYgc;NPKaK:PVlQOd;NSEoX:lazG7b;Oj465e:KG2eXe;Pjplud:EEDORb;QGR0gd:Mlhmy;SMDL4c:K0PMbc;SNUn3:ZwDk9d;UpnZUd:nnwwYc;XdiAjb:NLiXbe;a56pNe:JEfCwb;cEt90b:ws9Tlc;dIoSBb:SpsfSb;eBAeSb:zbML3c;iFQyKf:vfuNJf;io8t5d:yDVVkb;kMFpHd:OTA3Ae;nAFL3:NTMZac;nTuGK:JKNPM;oGtAuc:sOXFj;oSUNyd:K0PMbc;oXZmbc:tUnxGc;pXdRYb:L9OGUe;qddgKe:xQtZb;sP4Vbe:VwDzFe;uY49fb:COQbmf;ul9GGd:VDovNc;vNjB7d:YTxL4;wR5FRb:siKnQd;yxTchf:KUM7Z/m=RqjULd:13:3462

1719417673385	Marionette	INFO	Stopped listening on port 18302
Dynamically enable window occlusion 1
